2014-03-28 00:19:26,680 - DEBUG: Calculating position of 3C144
2014-03-28 00:19:26,680 - DEBUG: Observer Lat: 37:52:23.5
2014-03-28 00:19:26,681 - DEBUG: Observer Long: -122:15:26.3
2014-03-28 00:19:26,681 - DEBUG: Observer Date: 2014/3/28 00:19:25
2014-03-28 00:19:26,681 - DEBUG: 3C144 alt: 69:10:44.0
2014-03-28 00:19:26,681 - DEBUG: 3C144 az: 135:10:09.7
2014-03-28 00:19:26,681 - DEBUG: Set to home position
2014-03-28 00:20:04,190 - DEBUG: Start position controller
2014-03-28 00:20:04,191 - DEBUG: Move to telescope to (alt, az): (69.2669877662,2.36495202887)
2014-03-28 00:20:12,200 - DEBUG: Recording data for 14410.000000 seconds
2014-03-28 00:21:13,077 - DEBUG: Move to telescope to (alt, az): (69.4256206812,2.37559576166)
2014-03-28 00:22:16,369 - DEBUG: Move to telescope to (alt, az): (69.5689257345,2.38543828378)
2014-03-28 00:23:19,761 - DEBUG: Move to telescope to (alt, az): (69.7107339707,2.39540081214)
2014-03-28 00:24:23,154 - DEBUG: Move to telescope to (alt, az): (69.8532271373,2.40564563913)
2014-03-28 00:25:27,642 - DEBUG: Move to telescope to (alt, az): (69.9941076174,2.41601686649)
2014-03-28 00:26:31,030 - DEBUG: Move to telescope to (alt, az): (70.1333402938,2.42651571301)
2014-03-28 00:27:34,415 - DEBUG: Move to telescope to (alt, az): (70.2687534061,2.4369762926)
2014-03-28 00:28:37,807 - DEBUG: Move to telescope to (alt, az): (70.402500661,2.44756272412)
2014-03-28 00:29:42,298 - DEBUG: Move to telescope to (alt, az): (70.5387106736,2.45861820058)
2014-03-28 00:30:45,688 - DEBUG: Move to telescope to (alt, az): (70.6689647563,2.46946334686)
2014-03-28 00:31:50,176 - DEBUG: Move to telescope to (alt, az): (70.8014943887,2.48078767179)
2014-03-28 00:32:54,673 - DEBUG: Move to telescope to (alt, az): (70.9301012791,2.49207246415)
2014-03-28 00:33:59,161 - DEBUG: Move to telescope to (alt, az): (71.0587642567,2.50367114536)
2014-03-28 00:35:03,649 - DEBUG: Move to telescope to (alt, az): (71.1834846781,2.51522749653)
2014-03-28 00:36:08,146 - DEBUG: Move to telescope to (alt, az): (71.3081189962,2.5271032308)
2014-03-28 00:37:12,634 - DEBUG: Move to telescope to (alt, az): (71.4287916752,2.53893340129)
2014-03-28 00:38:17,126 - DEBUG: Move to telescope to (alt, az): (71.5492318676,2.55108805722)
2014-03-28 00:39:21,615 - DEBUG: Move to telescope to (alt, az): (71.665692361,2.56319344006)
2014-03-28 00:40:26,107 - DEBUG: Move to telescope to (alt, az): (71.7817700074,2.5756279516)
2014-03-28 00:41:30,596 - DEBUG: Move to telescope to (alt, az): (71.8938512469,2.58800896615)
2014-03-28 00:42:35,092 - DEBUG: Move to telescope to (alt, az): (72.0053955726,2.60072322367)
2014-03-28 00:43:38,640 - DEBUG: Move to telescope to (alt, az): (72.1112660308,2.61318041216)
2014-03-28 00:44:43,129 - DEBUG: Move to telescope to (alt, az): (72.2181417489,2.62617100211)
2014-03-28 00:45:47,622 - DEBUG: Move to telescope to (alt, az): (72.3209932999,2.63909799792)
2014-03-28 00:46:52,130 - DEBUG: Move to telescope to (alt, az): (72.4229913177,2.65236457156)
2014-03-28 00:47:56,614 - DEBUG: Move to telescope to (alt, az): (72.520954852,2.66556157047)
2014-03-28 00:49:01,106 - DEBUG: Move to telescope to (alt, az): (72.6179019134,2.67910024947)
2014-03-28 00:50:05,595 - DEBUG: Move to telescope to (alt, az): (72.7108072159,2.69256272447)
2014-03-28 00:51:10,087 - DEBUG: Move to telescope to (alt, az): (72.8025310907,2.70636816855)
2014-03-28 00:52:14,576 - DEBUG: Move to telescope to (alt, az): (72.8902094842,2.72009010895)
2014-03-28 00:53:19,072 - DEBUG: Move to telescope to (alt, az): (72.9765400618,2.73415542885)
2014-03-28 00:54:23,560 - DEBUG: Move to telescope to (alt, az): (73.0588255261,2.74812926065)
2014-03-28 00:55:28,049 - DEBUG: Move to telescope to (alt, az): (73.1395959946,2.76244594441)
2014-03-28 00:56:32,541 - DEBUG: Move to telescope to (alt, az): (73.2163263676,2.77666246562)
2014-03-28 00:57:37,034 - DEBUG: Move to telescope to (alt, az): (73.2913744715,2.791220322)
2014-03-28 00:58:41,526 - DEBUG: Move to telescope to (alt, az): (73.3623927186,2.80566865635)
2014-03-28 00:59:46,014 - DEBUG: Move to telescope to (alt, az): (73.4315620752,2.82045577815)
2014-03-28 01:00:50,507 - DEBUG: Move to telescope to (alt, az): (73.496717614,2.83512335105)
2014-03-28 01:01:54,995 - DEBUG: Move to telescope to (alt, az): (73.5589109939,2.84989450151)
2014-03-28 01:02:59,492 - DEBUG: Move to telescope to (alt, az): (73.6190091337,2.86499864186)
2014-03-28 01:04:03,980 - DEBUG: Move to telescope to (alt, az): (73.6751295146,2.87996705457)
2014-03-28 01:05:08,468 - DEBUG: Move to telescope to (alt, az): (73.728993154,2.89526323727)
2014-03-28 01:06:12,961 - DEBUG: Move to telescope to (alt, az): (73.7789119876,2.91041216095)
2014-03-28 01:07:17,449 - DEBUG: Move to telescope to (alt, az): (73.8264160812,2.9258825636)
2014-03-28 01:08:21,934 - DEBUG: Move to telescope to (alt, az): (73.8700159987,2.94119367523)
2014-03-28 01:09:26,426 - DEBUG: Move to telescope to (alt, az): (73.9110475114,2.95681892817)
2014-03-28 01:10:30,914 - DEBUG: Move to telescope to (alt, az): (73.9482235974,2.97227243737)
2014-03-28 01:11:35,407 - DEBUG: Move to telescope to (alt, az): (73.9826827569,2.98803174551)
2014-03-28 01:12:39,895 - DEBUG: Move to telescope to (alt, az): (74.0133437346,3.00360652983)
2014-03-28 01:13:44,379 - DEBUG: Move to telescope to (alt, az): (74.0411451797,3.01947782531)
2014-03-28 01:14:48,872 - DEBUG: Move to telescope to (alt, az): (74.0652144793,3.03515159514)
2014-03-28 01:15:53,360 - DEBUG: Move to telescope to (alt, az): (74.0862882739,3.05111171898)
2014-03-28 01:16:57,857 - DEBUG: Move to telescope to (alt, az): (74.1037049544,3.06686120954)
2014-03-28 01:18:01,401 - DEBUG: Move to telescope to (alt, az): (74.1178035276,3.08263938914)
2014-03-28 01:19:05,893 - DEBUG: Move to telescope to (alt, az): (74.1285750729,3.09844026917)
2014-03-28 01:20:10,386 - DEBUG: Move to telescope to (alt, az): (74.1361024859,3.11450505211)
2014-03-28 01:21:14,874 - DEBUG: Move to telescope to (alt, az): (74.1401493775,3.13033326983)
2014-03-28 01:22:19,367 - DEBUG: Move to telescope to (alt, az): (74.1408395463,-3.13677207771)
2014-03-28 01:23:23,859 - DEBUG: Move to telescope to (alt, az): (74.1381513176,-3.12094134961)
2014-03-28 01:24:28,359 - DEBUG: Move to telescope to (alt, az): (74.1320024562,-3.10487147401)
2014-03-28 01:25:32,852 - DEBUG: Move to telescope to (alt, az): (74.1225860623,-3.08906308861)
2014-03-28 01:26:37,340 - DEBUG: Move to telescope to (alt, az): (74.1096140615,-3.07302845413)
2014-03-28 01:27:41,828 - DEBUG: Move to telescope to (alt, az): (74.0934937902,-3.05726703527)
2014-03-28 01:28:46,313 - DEBUG: Move to telescope to (alt, az): (74.0737320148,-3.04129243831)
2014-03-28 01:29:50,805 - DEBUG: Move to telescope to (alt, az): (74.050949178,-3.02560213149)
2014-03-28 01:30:55,294 - DEBUG: Move to telescope to (alt, az): (74.0244480451,-3.00971176042)
2014-03-28 01:31:59,786 - DEBUG: Move to telescope to (alt, az): (73.9950604587,-2.99411599518)
2014-03-28 01:33:04,274 - DEBUG: Move to telescope to (alt, az): (73.9618868076,-2.97833319739)
2014-03-28 01:34:08,759 - DEBUG: Move to telescope to (alt, az): (73.9259680762,-2.96285446832)
2014-03-28 01:35:13,251 - DEBUG: Move to telescope to (alt, az): (73.88620435,-2.94720153843)
2014-03-28 01:36:17,740 - DEBUG: Move to telescope to (alt, az): (73.8438429763,-2.93186120822)
2014-03-28 01:37:22,228 - DEBUG: Move to telescope to (alt, az): (73.7975862371,-2.91635920112)
2014-03-28 01:38:26,709 - DEBUG: Move to telescope to (alt, az): (73.7488845798,-2.90117733013)
2014-03-28 01:39:31,193 - DEBUG: Move to telescope to (alt, az): (73.6962453848,-2.88584590255)
2014-03-28 01:40:35,685 - DEBUG: Move to telescope to (alt, az): (73.6413184939,-2.87084110761)
2014-03-28 01:41:40,174 - DEBUG: Move to telescope to (alt, az): (73.58241966,-2.85569839018)
2014-03-28 01:42:44,666 - DEBUG: Move to telescope to (alt, az): (73.5213940174,-2.84088773422)
2014-03-28 01:43:49,159 - DEBUG: Move to telescope to (alt, az): (73.4563693068,-2.82595023522)
2014-03-28 01:44:53,651 - DEBUG: Move to telescope to (alt, az): (73.3893815033,-2.81134914807)
2014-03-28 01:45:58,140 - DEBUG: Move to telescope to (alt, az): (73.3183742575,-2.79663168874)
2014-03-28 01:47:02,628 - DEBUG: Move to telescope to (alt, az): (73.2455696341,-2.78225391862)
2014-03-28 01:48:07,108 - DEBUG: Move to telescope to (alt, az): (73.1687313877,-2.76776959892)
2014-03-28 01:49:11,593 - DEBUG: Move to telescope to (alt, az): (73.0902626702,-2.75362719307)
2014-03-28 01:50:16,085 - DEBUG: Move to telescope to (alt, az): (73.0077517693,-2.73938738593)
2014-03-28 01:51:20,574 - DEBUG: Move to telescope to (alt, az): (72.92377772,-2.72549069805)
2014-03-28 01:52:25,066 - DEBUG: Move to telescope to (alt, az): (72.835757971,-2.71150506956)
2014-03-28 01:53:29,554 - DEBUG: Move to telescope to (alt, az): (72.7464420803,-2.69786279133)
2014-03-28 01:54:34,050 - DEBUG: Move to telescope to (alt, az): (72.6530814482,-2.68413934372)
2014-03-28 01:55:38,539 - DEBUG: Move to telescope to (alt, az): (72.5585906843,-2.67075855704)
2014-03-28 01:56:43,031 - DEBUG: Move to telescope to (alt, az): (72.4600600587,-2.65730369103)
2014-03-28 01:57:47,520 - DEBUG: Move to telescope to (alt, az): (72.3605636912,-2.64418993776)
2014-03-28 01:58:52,008 - DEBUG: Move to telescope to (alt, az): (72.2570357328,-2.63100853082)
2014-03-28 01:59:56,494 - DEBUG: Move to telescope to (alt, az): (72.1527042399,-2.61816589627)
2014-03-28 02:01:00,985 - DEBUG: Move to telescope to (alt, az): (72.0460372959,-2.60545886185)
2014-03-28 02:02:05,473 - DEBUG: Move to telescope to (alt, az): (71.935356387,-2.59269260036)
2014-03-28 02:03:09,966 - DEBUG: Move to telescope to (alt, az): (71.824109483,-2.58026028398)
2014-03-28 02:04:14,454 - DEBUG: Move to telescope to (alt, az): (71.7088632384,-2.56777362393)
2014-03-28 02:05:18,943 - DEBUG: Move to telescope to (alt, az): (71.5932057212,-2.55561690113)
2014-03-28 02:06:23,431 - DEBUG: Move to telescope to (alt, az): (71.4735652799,-2.54341015864)
2014-03-28 02:07:27,919 - DEBUG: Move to telescope to (alt, az): (71.3536646391,-2.53152880331)
2014-03-28 02:08:32,412 - DEBUG: Move to telescope to (alt, az): (71.2297989084,-2.51960123051)
2014-03-28 02:09:36,904 - DEBUG: Move to telescope to (alt, az): (71.1058201201,-2.50799402287)
2014-03-28 02:10:41,393 - DEBUG: Move to telescope to (alt, az): (70.9778951575,-2.4963439171)
2014-03-28 02:11:45,885 - DEBUG: Move to telescope to (alt, az): (70.8500001215,-2.48500875018)
2014-03-28 02:12:50,373 - DEBUG: Move to telescope to (alt, az): (70.7181786122,-2.47363356112)
2014-03-28 02:13:54,866 - DEBUG: Move to telescope to (alt, az): (70.5865256836,-2.4625675449)
2014-03-28 02:14:59,358 - DEBUG: Move to telescope to (alt, az): (70.4509665,-2.45146397757)
2014-03-28 02:16:03,851 - DEBUG: Move to telescope to (alt, az): (70.3157100972,-2.44066353806)
2014-03-28 02:17:08,339 - DEBUG: Move to telescope to (alt, az): (70.1765679489,-2.42982765171)
2014-03-28 02:18:12,831 - DEBUG: Move to telescope to (alt, az): (70.0378582438,-2.41928862539)
2014-03-28 02:19:16,220 - DEBUG: Move to telescope to (alt, az): (69.8974896295,-2.40887758927)
2014-03-28 02:20:20,729 - DEBUG: Move to telescope to (alt, az): (69.7554974008,-2.39859334025)
2014-03-28 02:21:25,225 - DEBUG: Move to telescope to (alt, az): (69.6096603992,-2.38827688576)
2014-03-28 02:22:29,713 - DEBUG: Move to telescope to (alt, az): (69.4645004997,-2.37824434196)
2014-03-28 02:23:33,105 - DEBUG: Move to telescope to (alt, az): (69.3178199199,-2.36833468028)
2014-03-28 02:24:37,598 - DEBUG: Move to telescope to (alt, az): (69.1696516115,-2.35854652857)
2014-03-28 02:25:42,090 - DEBUG: Move to telescope to (alt, az): (69.0176786837,-2.34872836514)
2014-03-28 02:26:45,478 - DEBUG: Move to telescope to (alt, az): (68.8689806404,-2.33932911172)
2014-03-28 02:27:49,971 - DEBUG: Move to telescope to (alt, az): (68.7165409044,-2.32989695882)
2014-03-28 02:28:53,359 - DEBUG: Move to telescope to (alt, az): (68.5627392903,-2.32058054713)
2014-03-28 02:29:56,752 - DEBUG: Move to telescope to (alt, az): (68.4100398247,-2.31152129465)
2014-03-28 02:31:00,144 - DEBUG: Move to telescope to (alt, az): (68.2536239118,-2.30243011624)
2014-03-28 02:32:03,532 - DEBUG: Move to telescope to (alt, az): (68.0984073845,-2.29358964068)
2014-03-28 02:33:06,925 - DEBUG: Move to telescope to (alt, az): (67.9419831104,-2.28485549518)
2014-03-28 02:34:10,317 - DEBUG: Move to telescope to (alt, az): (67.7818664012,-2.27609007792)
2014-03-28 02:35:13,709 - DEBUG: Move to telescope to (alt, az): (67.623087077,-2.2675658179)
2014-03-28 02:36:17,098 - DEBUG: Move to telescope to (alt, az): (67.4606306984,-2.25901057955)
2014-03-28 02:37:20,486 - DEBUG: Move to telescope to (alt, az): (67.2995991141,-2.25069022107)
2014-03-28 02:38:23,870 - DEBUG: Move to telescope to (alt, az): (67.1374870789,-2.2424687904)
2014-03-28 02:39:27,263 - DEBUG: Move to telescope to (alt, az): (66.9717199367,-2.23421664448)
2014-03-28 02:40:30,651 - DEBUG: Move to telescope to (alt, az): (66.8075014262,-2.22619017921)
2014-03-28 02:41:34,043 - DEBUG: Move to telescope to (alt, az): (66.6396417569,-2.2181330774)
2014-03-28 02:42:37,436 - DEBUG: Move to telescope to (alt, az): (66.4734090436,-2.21029565333)
2014-03-28 02:43:40,828 - DEBUG: Move to telescope to (alt, az): (66.3062101589,-2.20254982651)
2014-03-28 02:44:44,216 - DEBUG: Move to telescope to (alt, az): (66.1353898867,-2.19477336488)
2014-03-28 02:45:47,605 - DEBUG: Move to telescope to (alt, az): (65.9663074111,-2.18720784219)
2014-03-28 02:46:50,985 - DEBUG: Move to telescope to (alt, az): (65.7963214103,-2.17972962896)
2014-03-28 02:47:54,369 - DEBUG: Move to telescope to (alt, az): (65.6227325066,-2.17222067423)
2014-03-28 02:48:57,662 - DEBUG: Move to telescope to (alt, az): (65.4509850172,-2.16491422949)
2014-03-28 02:50:01,050 - DEBUG: Move to telescope to (alt, az): (65.2756462735,-2.1575769255)
2014-03-28 02:51:04,442 - DEBUG: Move to telescope to (alt, az): (65.1022143979,-2.15043667844)
2014-03-28 02:52:07,835 - DEBUG: Move to telescope to (alt, az): (64.927974496,-2.14337684526)
2014-03-28 02:53:11,223 - DEBUG: Move to telescope to (alt, az): (64.7501597475,-2.13628592499)
2014-03-28 02:54:14,615 - DEBUG: Move to telescope to (alt, az): (64.5743443989,-2.12938418123)
2014-03-28 02:55:17,904 - DEBUG: Move to telescope to (alt, az): (64.3977732357,-2.12255890051)
2014-03-28 02:56:21,300 - DEBUG: Move to telescope to (alt, az): (64.2176424615,-2.11570226033)
2014-03-28 02:57:24,588 - DEBUG: Move to telescope to (alt, az): (64.0395975287,-2.10902725349)
2014-03-28 02:58:27,981 - DEBUG: Move to telescope to (alt, az): (63.8608455004,-2.10242490844)
2014-03-28 02:59:31,269 - DEBUG: Move to telescope to (alt, az): (63.6785479943,-2.09579090324)
2014-03-28 03:00:34,565 - DEBUG: Move to telescope to (alt, az): (63.4984170777,-2.08933132581)
2014-03-28 03:01:37,853 - DEBUG: Move to telescope to (alt, az): (63.3176245229,-2.08294076503)
2014-03-28 03:02:41,242 - DEBUG: Move to telescope to (alt, az): (63.1332995853,-2.07651822754)
2014-03-28 03:03:44,534 - DEBUG: Move to telescope to (alt, az): (62.9512166652,-2.07026324639)
2014-03-28 03:04:47,927 - DEBUG: Move to telescope to (alt, az): (62.7685145264,-2.06407379615)
2014-03-28 03:05:51,319 - DEBUG: Move to telescope to (alt, az): (62.5822921326,-2.0578520467)
2014-03-28 03:06:54,707 - DEBUG: Move to telescope to (alt, az): (62.3983822293,-2.05179131025)
2014-03-28 03:07:58,103 - DEBUG: Move to telescope to (alt, az): (62.2109596777,-2.04569805966)
2014-03-28 03:09:01,392 - DEBUG: Move to telescope to (alt, az): (62.0258941275,-2.03976162722)
2014-03-28 03:10:04,680 - DEBUG: Move to telescope to (alt, az): (61.8402739159,-2.03388526515)
2014-03-28 03:11:07,972 - DEBUG: Move to telescope to (alt, az): (61.6541110095,-2.02806794052)
2014-03-28 03:12:11,261 - DEBUG: Move to telescope to (alt, az): (61.4644494986,-2.0222176826)
2014-03-28 03:13:14,653 - DEBUG: Move to telescope to (alt, az): (61.2772278915,-2.01651630008)
2014-03-28 03:14:17,946 - DEBUG: Move to telescope to (alt, az): (61.0894980915,-2.01087094345)
2014-03-28 03:15:21,234 - DEBUG: Move to telescope to (alt, az): (60.898279341,-2.00519235161)
2014-03-28 03:16:24,526 - DEBUG: Move to telescope to (alt, az): (60.7095580568,-1.9996570199)
2014-03-28 03:17:27,814 - DEBUG: Move to telescope to (alt, az): (60.520360803,-1.99417485407)
2014-03-28 03:18:31,199 - DEBUG: Move to telescope to (alt, az): (60.3276835713,-1.98865916583)
2014-03-28 03:19:34,499 - DEBUG: Move to telescope to (alt, az): (60.1375576429,-1.98328140901)
2014-03-28 03:20:37,791 - DEBUG: Move to telescope to (alt, az): (59.9469858665,-1.97795410508)
2014-03-28 03:21:41,080 - DEBUG: Move to telescope to (alt, az): (59.752942454,-1.9725930079)
2014-03-28 03:22:44,376 - DEBUG: Move to telescope to (alt, az): (59.5615007227,-1.96736478781)
2014-03-28 03:23:47,665 - DEBUG: Move to telescope to (alt, az): (59.3696413179,-1.96218444924)
2014-03-28 03:24:50,953 - DEBUG: Move to telescope to (alt, az): (59.1773731709,-1.95705116972)
2014-03-28 03:25:54,245 - DEBUG: Move to telescope to (alt, az): (58.9816436236,-1.95188376372)
2014-03-28 03:26:57,537 - DEBUG: Move to telescope to (alt, az): (58.7885778867,-1.94684290903)
2014-03-28 03:28:00,830 - DEBUG: Move to telescope to (alt, az): (58.5951292063,-1.94184672138)
2014-03-28 03:29:16,319 - DEBUG: Move to telescope to (alt, az): (58.3612645451,-1.93587793114)
2014-03-28 03:30:19,611 - DEBUG: Move to telescope to (alt, az): (58.1669996615,-1.93097760924)
2014-03-28 03:31:22,999 - DEBUG: Move to telescope to (alt, az): (57.9723774727,-1.92611955105)
2014-03-28 03:32:27,492 - DEBUG: Move to telescope to (alt, az): (57.7712103918,-1.92115080247)
2014-03-28 03:33:31,984 - DEBUG: Move to telescope to (alt, az): (57.5727825011,-1.91630094712)
2014-03-28 03:34:35,273 - DEBUG: Move to telescope to (alt, az): (57.3740093919,-1.91149248143)
2014-03-28 03:35:39,765 - DEBUG: Move to telescope to (alt, az): (57.174898572,-1.90672469044)
2014-03-28 03:36:44,253 - DEBUG: Move to telescope to (alt, az): (56.9723385468,-1.90192331389)
2014-03-28 03:37:47,538 - DEBUG: Move to telescope to (alt, az): (56.7756930606,-1.89730833896)
2014-03-28 03:38:50,830 - DEBUG: Move to telescope to (alt, az): (56.5787412621,-1.89273077525)
2014-03-28 03:39:54,118 - DEBUG: Move to telescope to (alt, az): (56.3783563767,-1.88811820703)
2014-03-28 03:40:57,411 - DEBUG: Move to telescope to (alt, az): (56.1808069648,-1.88361414745)
2014-03-28 03:42:01,903 - DEBUG: Move to telescope to (alt, az): (55.9798281479,-1.87907497927)
2014-03-28 03:43:05,191 - DEBUG: Move to telescope to (alt, az): (55.7785597753,-1.87457185769)
2014-03-28 03:44:09,684 - DEBUG: Move to telescope to (alt, az): (55.5770081992,-1.87010416656)
2014-03-28 03:45:14,172 - DEBUG: Move to telescope to (alt, az): (55.3720239081,-1.86560231072)
2014-03-28 03:46:17,465 - DEBUG: Move to telescope to (alt, az): (55.1730802123,-1.86127266776)
2014-03-28 03:47:20,757 - DEBUG: Move to telescope to (alt, az): (54.9738798273,-1.85697563084)
2014-03-28 03:48:25,249 - DEBUG: Move to telescope to (alt, az): (54.7680924997,-1.85257577741)
2014-03-28 03:49:28,538 - DEBUG: Move to telescope to (alt, az): (54.5683876898,-1.84834331785)
2014-03-28 03:50:33,030 - DEBUG: Move to telescope to (alt, az): (54.362091471,-1.8440089618)
2014-03-28 03:51:36,322 - DEBUG: Move to telescope to (alt, az): (54.1619044007,-1.83983890902)
2014-03-28 03:52:39,611 - DEBUG: Move to telescope to (alt, az): (53.961487848,-1.83569879925)
2014-03-28 03:53:42,903 - DEBUG: Move to telescope to (alt, az): (53.7608468718,-1.83158813487)
2014-03-28 03:54:47,391 - DEBUG: Move to telescope to (alt, az): (53.5536063803,-1.82737731817)
2014-03-28 03:55:50,784 - DEBUG: Move to telescope to (alt, az): (53.3525246371,-1.82332498388)
2014-03-28 03:56:54,076 - DEBUG: Move to telescope to (alt, az): (53.1480364779,-1.81923698513)
2014-03-28 03:58:01,869 - DEBUG: Move to telescope to (alt, az): (52.9337364744,-1.81498778324)
2014-03-28 03:59:09,657 - DEBUG: Move to telescope to (alt, az): (52.7160067076,-1.81070642656)
2014-03-28 04:00:13,050 - DEBUG: Move to telescope to (alt, az): (52.5108768076,-1.80670518823)
2014-03-28 04:01:16,338 - DEBUG: Move to telescope to (alt, az): (52.3087598891,-1.80279279238)
2014-03-28 04:02:19,630 - DEBUG: Move to telescope to (alt, az): (52.1064566766,-1.79890608087)
2014-03-28 04:03:28,523 - DEBUG: Move to telescope to (alt, az): (51.8846777855,-1.79467817741)
2014-03-28 04:04:37,412 - DEBUG: Move to telescope to (alt, az): (51.6626860344,-1.79048003404)
2014-03-28 04:05:40,704 - DEBUG: Move to telescope to (alt, az): (51.4598165838,-1.78667248495)
2014-03-28 04:06:45,193 - DEBUG: Move to telescope to (alt, az): (51.2503298178,-1.78276917643)
2014-03-28 04:07:48,589 - DEBUG: Move to telescope to (alt, az): (51.0471212902,-1.77900991022)
2014-03-28 04:08:51,877 - DEBUG: Move to telescope to (alt, az): (50.8437517945,-1.77527382173)
2014-03-28 04:09:56,370 - DEBUG: Move to telescope to (alt, az): (50.6337614556,-1.7714430202)
2014-03-28 04:11:00,858 - DEBUG: Move to telescope to (alt, az): (50.4268422982,-1.76769447105)
2014-03-28 04:12:04,149 - DEBUG: Move to telescope to (alt, az): (50.2197688213,-1.76396867375)
2014-03-28 04:13:07,443 - DEBUG: Move to telescope to (alt, az): (50.0157838349,-1.76032294839)
2014-03-28 04:14:10,731 - DEBUG: Move to telescope to (alt, az): (49.811656557,-1.75669855334)
2014-03-28 04:15:15,224 - DEBUG: Move to telescope to (alt, az): (49.6009036143,-1.7529810883)
2014-03-28 04:16:18,612 - DEBUG: Move to telescope to (alt, az): (49.3964979545,-1.74939897118)
2014-03-28 04:17:21,896 - DEBUG: Move to telescope to (alt, az): (49.1919604436,-1.74583715307)
2014-03-28 04:18:25,289 - DEBUG: Move to telescope to (alt, az): (48.9840447241,-1.74223924475)
2014-03-28 04:19:29,777 - DEBUG: Move to telescope to (alt, az): (48.7759998029,-1.73866160711)
2014-03-28 04:20:21,856 - DEBUG: Exiting
