2014-03-29 06:54:39,850 - DEBUG: Calculating position of 3C405
2014-03-29 06:54:39,851 - DEBUG: Observer Lat: 37:52:23.5
2014-03-29 06:54:39,851 - DEBUG: Observer Long: -122:15:26.3
2014-03-29 06:54:39,851 - DEBUG: Observer Date: 2014/3/29 06:54:39
2014-03-29 06:54:39,852 - DEBUG: 3C405 alt: 0:31:20.6
2014-03-29 06:54:39,852 - DEBUG: 3C405 az: 34:15:43.6
2014-03-29 06:54:39,852 - DEBUG: Set to home position
2014-03-29 06:55:36,972 - DEBUG: Start position controller
2014-03-29 06:55:36,973 - WARNING: Detected alt below 15: 0:36:50.9
2014-03-29 06:55:36,973 - DEBUG: Move to telescope to (alt, az): (15,34:24:28.9)
2014-03-29 06:55:36,974 - WARNING: Detected alt below 15: 0:36:50.9
2014-03-29 06:55:44,974 - DEBUG: Recording data for 14410.000000 seconds
2014-03-29 06:57:50,255 - WARNING: Detected alt below 15: 0:50:00.6
2014-03-29 06:57:50,255 - DEBUG: Move to telescope to (alt, az): (15,34:44:59.6)
2014-03-29 06:57:50,255 - WARNING: Detected alt below 15: 0:50:00.6
2014-03-29 06:59:53,539 - WARNING: Detected alt below 15: 1:02:21.2
2014-03-29 06:59:53,539 - DEBUG: Move to telescope to (alt, az): (15,35:03:44.2)
2014-03-29 06:59:53,540 - WARNING: Detected alt below 15: 1:02:21.2
2014-03-29 07:01:56,923 - WARNING: Detected alt below 15: 1:14:56.2
2014-03-29 07:01:56,924 - DEBUG: Move to telescope to (alt, az): (15,35:22:24.0)
2014-03-29 07:01:56,924 - WARNING: Detected alt below 15: 1:14:56.2
2014-03-29 07:04:00,212 - WARNING: Detected alt below 15: 1:27:51.1
2014-03-29 07:04:00,212 - DEBUG: Move to telescope to (alt, az): (15,35:41:08.1)
2014-03-29 07:04:00,212 - WARNING: Detected alt below 15: 1:27:51.1
2014-03-29 07:06:03,504 - WARNING: Detected alt below 15: 1:40:52.9
2014-03-29 07:06:03,505 - DEBUG: Move to telescope to (alt, az): (15,35:59:38.3)
2014-03-29 07:06:03,505 - WARNING: Detected alt below 15: 1:40:52.9
2014-03-29 07:08:06,785 - WARNING: Detected alt below 15: 1:54:07.0
2014-03-29 07:08:06,785 - DEBUG: Move to telescope to (alt, az): (15,36:18:03.6)
2014-03-29 07:08:06,785 - WARNING: Detected alt below 15: 1:54:07.0
2014-03-29 07:10:10,069 - WARNING: Detected alt below 15: 2:07:39.5
2014-03-29 07:10:10,070 - DEBUG: Move to telescope to (alt, az): (15,36:36:33.1)
2014-03-29 07:10:10,070 - WARNING: Detected alt below 15: 2:07:39.5
2014-03-29 07:12:13,354 - WARNING: Detected alt below 15: 2:21:16.7
2014-03-29 07:12:13,354 - DEBUG: Move to telescope to (alt, az): (15,36:54:48.8)
2014-03-29 07:12:13,354 - WARNING: Detected alt below 15: 2:21:16.7
2014-03-29 07:14:16,642 - WARNING: Detected alt below 15: 2:35:04.6
2014-03-29 07:14:16,643 - DEBUG: Move to telescope to (alt, az): (15,37:12:59.7)
2014-03-29 07:14:16,643 - WARNING: Detected alt below 15: 2:35:04.6
2014-03-29 07:16:19,935 - WARNING: Detected alt below 15: 2:49:02.8
2014-03-29 07:16:19,935 - DEBUG: Move to telescope to (alt, az): (15,37:31:05.8)
2014-03-29 07:16:19,935 - WARNING: Detected alt below 15: 2:49:02.8
2014-03-29 07:18:23,215 - WARNING: Detected alt below 15: 3:03:17.7
2014-03-29 07:18:23,216 - DEBUG: Move to telescope to (alt, az): (15,37:49:15.9)
2014-03-29 07:18:23,216 - WARNING: Detected alt below 15: 3:03:17.7
2014-03-29 07:20:26,500 - WARNING: Detected alt below 15: 3:17:35.1
2014-03-29 07:20:26,500 - DEBUG: Move to telescope to (alt, az): (15,38:07:12.4)
2014-03-29 07:20:26,500 - WARNING: Detected alt below 15: 3:17:35.1
2014-03-29 07:22:29,780 - WARNING: Detected alt below 15: 3:32:01.6
2014-03-29 07:22:29,781 - DEBUG: Move to telescope to (alt, az): (15,38:25:04.1)
2014-03-29 07:22:29,781 - WARNING: Detected alt below 15: 3:32:01.6
2014-03-29 07:24:33,065 - WARNING: Detected alt below 15: 3:46:44.0
2014-03-29 07:24:33,065 - DEBUG: Move to telescope to (alt, az): (15,38:42:59.6)
2014-03-29 07:24:33,065 - WARNING: Detected alt below 15: 3:46:44.0
2014-03-29 07:26:36,357 - WARNING: Detected alt below 15: 4:01:27.6
2014-03-29 07:26:36,358 - DEBUG: Move to telescope to (alt, az): (15,39:00:41.7)
2014-03-29 07:26:36,358 - WARNING: Detected alt below 15: 4:01:27.6
2014-03-29 07:28:39,646 - WARNING: Detected alt below 15: 4:16:19.5
2014-03-29 07:28:39,646 - DEBUG: Move to telescope to (alt, az): (15,39:18:19.1)
2014-03-29 07:28:39,646 - WARNING: Detected alt below 15: 4:16:19.5
2014-03-29 07:30:42,930 - WARNING: Detected alt below 15: 4:31:19.1
2014-03-29 07:30:42,930 - DEBUG: Move to telescope to (alt, az): (15,39:35:51.7)
2014-03-29 07:30:42,931 - WARNING: Detected alt below 15: 4:31:19.1
2014-03-29 07:32:46,210 - WARNING: Detected alt below 15: 4:46:33.8
2014-03-29 07:32:46,211 - DEBUG: Move to telescope to (alt, az): (15,39:53:28.0)
2014-03-29 07:32:46,211 - WARNING: Detected alt below 15: 4:46:33.8
2014-03-29 07:34:49,503 - WARNING: Detected alt below 15: 5:01:48.7
2014-03-29 07:34:49,503 - DEBUG: Move to telescope to (alt, az): (15,40:10:51.1)
2014-03-29 07:34:49,504 - WARNING: Detected alt below 15: 5:01:48.7
2014-03-29 07:36:52,783 - WARNING: Detected alt below 15: 5:17:10.8
2014-03-29 07:36:52,784 - DEBUG: Move to telescope to (alt, az): (15,40:28:09.4)
2014-03-29 07:36:52,784 - WARNING: Detected alt below 15: 5:17:10.8
2014-03-29 07:38:56,068 - WARNING: Detected alt below 15: 5:32:47.5
2014-03-29 07:38:56,068 - DEBUG: Move to telescope to (alt, az): (15,40:45:31.4)
2014-03-29 07:38:56,069 - WARNING: Detected alt below 15: 5:32:47.5
2014-03-29 07:40:59,352 - WARNING: Detected alt below 15: 5:48:23.5
2014-03-29 07:40:59,353 - DEBUG: Move to telescope to (alt, az): (15,41:02:40.3)
2014-03-29 07:40:59,353 - WARNING: Detected alt below 15: 5:48:23.5
2014-03-29 07:43:02,641 - WARNING: Detected alt below 15: 6:04:06.3
2014-03-29 07:43:02,641 - DEBUG: Move to telescope to (alt, az): (15,41:19:44.5)
2014-03-29 07:43:02,641 - WARNING: Detected alt below 15: 6:04:06.3
2014-03-29 07:45:05,933 - WARNING: Detected alt below 15: 6:19:55.6
2014-03-29 07:45:05,934 - DEBUG: Move to telescope to (alt, az): (15,41:36:44.0)
2014-03-29 07:45:05,934 - WARNING: Detected alt below 15: 6:19:55.6
2014-03-29 07:47:09,214 - WARNING: Detected alt below 15: 6:35:59.1
2014-03-29 07:47:09,214 - DEBUG: Move to telescope to (alt, az): (15,41:53:47.0)
2014-03-29 07:47:09,214 - WARNING: Detected alt below 15: 6:35:59.1
2014-03-29 07:49:12,498 - WARNING: Detected alt below 15: 6:52:01.2
2014-03-29 07:49:12,499 - DEBUG: Move to telescope to (alt, az): (15,42:10:37.1)
2014-03-29 07:49:12,499 - WARNING: Detected alt below 15: 6:52:01.2
2014-03-29 07:51:15,779 - WARNING: Detected alt below 15: 7:08:09.5
2014-03-29 07:51:15,779 - DEBUG: Move to telescope to (alt, az): (15,42:27:22.6)
2014-03-29 07:51:15,779 - WARNING: Detected alt below 15: 7:08:09.5
2014-03-29 07:53:19,059 - WARNING: Detected alt below 15: 7:24:31.8
2014-03-29 07:53:19,060 - DEBUG: Move to telescope to (alt, az): (15,42:44:11.5)
2014-03-29 07:53:19,060 - WARNING: Detected alt below 15: 7:24:31.8
2014-03-29 07:55:22,344 - WARNING: Detected alt below 15: 7:40:52.2
2014-03-29 07:55:22,344 - DEBUG: Move to telescope to (alt, az): (15,43:00:47.7)
2014-03-29 07:55:22,344 - WARNING: Detected alt below 15: 7:40:52.2
2014-03-29 07:57:25,624 - WARNING: Detected alt below 15: 7:57:18.4
2014-03-29 07:57:25,625 - DEBUG: Move to telescope to (alt, az): (15,43:17:19.2)
2014-03-29 07:57:25,625 - WARNING: Detected alt below 15: 7:57:18.4
2014-03-29 07:59:28,909 - WARNING: Detected alt below 15: 8:13:50.4
2014-03-29 07:59:28,909 - DEBUG: Move to telescope to (alt, az): (15,43:33:46.2)
2014-03-29 07:59:28,909 - WARNING: Detected alt below 15: 8:13:50.4
2014-03-29 08:01:32,197 - WARNING: Detected alt below 15: 8:30:36.1
2014-03-29 08:01:32,197 - DEBUG: Move to telescope to (alt, az): (15,43:50:16.5)
2014-03-29 08:01:32,198 - WARNING: Detected alt below 15: 8:30:36.1
2014-03-29 08:03:35,482 - WARNING: Detected alt below 15: 8:47:19.4
2014-03-29 08:03:35,482 - DEBUG: Move to telescope to (alt, az): (15,44:06:34.3)
2014-03-29 08:03:35,482 - WARNING: Detected alt below 15: 8:47:19.4
2014-03-29 08:05:38,770 - WARNING: Detected alt below 15: 9:04:08.1
2014-03-29 08:05:38,770 - DEBUG: Move to telescope to (alt, az): (15,44:22:47.5)
2014-03-29 08:05:38,771 - WARNING: Detected alt below 15: 9:04:08.1
2014-03-29 08:07:42,155 - WARNING: Detected alt below 15: 9:21:10.6
2014-03-29 08:07:42,155 - DEBUG: Move to telescope to (alt, az): (15,44:39:04.1)
2014-03-29 08:07:42,155 - WARNING: Detected alt below 15: 9:21:10.6
2014-03-29 08:09:45,439 - WARNING: Detected alt below 15: 9:38:10.1
2014-03-29 08:09:45,439 - DEBUG: Move to telescope to (alt, az): (15,44:55:08.2)
2014-03-29 08:09:45,440 - WARNING: Detected alt below 15: 9:38:10.1
2014-03-29 08:11:48,727 - WARNING: Detected alt below 15: 9:55:14.9
2014-03-29 08:11:48,728 - DEBUG: Move to telescope to (alt, az): (15,45:11:07.8)
2014-03-29 08:11:48,728 - WARNING: Detected alt below 15: 9:55:14.9
2014-03-29 08:13:52,012 - WARNING: Detected alt below 15: 10:12:33.2
2014-03-29 08:13:52,012 - DEBUG: Move to telescope to (alt, az): (15,45:27:10.7)
2014-03-29 08:13:52,013 - WARNING: Detected alt below 15: 10:12:33.2
2014-03-29 08:15:55,300 - WARNING: Detected alt below 15: 10:29:48.3
2014-03-29 08:15:55,301 - DEBUG: Move to telescope to (alt, az): (15,45:43:01.3)
2014-03-29 08:15:55,301 - WARNING: Detected alt below 15: 10:29:48.3
2014-03-29 08:17:58,585 - WARNING: Detected alt below 15: 10:47:08.5
2014-03-29 08:17:58,585 - DEBUG: Move to telescope to (alt, az): (15,45:58:47.4)
2014-03-29 08:17:58,585 - WARNING: Detected alt below 15: 10:47:08.5
2014-03-29 08:20:01,869 - WARNING: Detected alt below 15: 11:04:33.6
2014-03-29 08:20:01,870 - DEBUG: Move to telescope to (alt, az): (15,46:14:29.1)
2014-03-29 08:20:01,870 - WARNING: Detected alt below 15: 11:04:33.6
2014-03-29 08:22:05,158 - WARNING: Detected alt below 15: 11:22:12.3
2014-03-29 08:22:05,158 - DEBUG: Move to telescope to (alt, az): (15,46:30:14.0)
2014-03-29 08:22:05,158 - WARNING: Detected alt below 15: 11:22:12.3
2014-03-29 08:24:08,442 - WARNING: Detected alt below 15: 11:39:47.2
2014-03-29 08:24:08,443 - DEBUG: Move to telescope to (alt, az): (15,46:45:46.8)
2014-03-29 08:24:08,443 - WARNING: Detected alt below 15: 11:39:47.2
2014-03-29 08:26:11,731 - WARNING: Detected alt below 15: 11:57:26.9
2014-03-29 08:26:11,731 - DEBUG: Move to telescope to (alt, az): (15,47:01:15.3)
2014-03-29 08:26:11,731 - WARNING: Detected alt below 15: 11:57:26.9
2014-03-29 08:28:15,015 - WARNING: Detected alt below 15: 12:15:20.1
2014-03-29 08:28:15,016 - DEBUG: Move to telescope to (alt, az): (15,47:16:46.8)
2014-03-29 08:28:15,016 - WARNING: Detected alt below 15: 12:15:20.1
2014-03-29 08:30:18,296 - WARNING: Detected alt below 15: 12:33:09.3
2014-03-29 08:30:18,296 - DEBUG: Move to telescope to (alt, az): (15,47:32:06.5)
2014-03-29 08:30:18,296 - WARNING: Detected alt below 15: 12:33:09.3
2014-03-29 08:32:21,580 - WARNING: Detected alt below 15: 12:51:03.1
2014-03-29 08:32:21,581 - DEBUG: Move to telescope to (alt, az): (15,47:47:21.8)
2014-03-29 08:32:21,581 - WARNING: Detected alt below 15: 12:51:03.1
2014-03-29 08:34:24,865 - WARNING: Detected alt below 15: 13:09:01.5
2014-03-29 08:34:24,865 - DEBUG: Move to telescope to (alt, az): (15,48:02:32.8)
2014-03-29 08:34:24,865 - WARNING: Detected alt below 15: 13:09:01.5
2014-03-29 08:36:28,153 - WARNING: Detected alt below 15: 13:27:13.2
2014-03-29 08:36:28,153 - DEBUG: Move to telescope to (alt, az): (15,48:17:46.9)
2014-03-29 08:36:28,154 - WARNING: Detected alt below 15: 13:27:13.2
2014-03-29 08:38:31,438 - WARNING: Detected alt below 15: 13:45:20.6
2014-03-29 08:38:31,438 - DEBUG: Move to telescope to (alt, az): (15,48:32:49.3)
2014-03-29 08:38:31,438 - WARNING: Detected alt below 15: 13:45:20.6
2014-03-29 08:40:34,726 - WARNING: Detected alt below 15: 14:03:32.4
2014-03-29 08:40:34,726 - DEBUG: Move to telescope to (alt, az): (15,48:47:47.4)
2014-03-29 08:40:34,727 - WARNING: Detected alt below 15: 14:03:32.4
2014-03-29 08:42:38,010 - WARNING: Detected alt below 15: 14:21:57.5
2014-03-29 08:42:38,011 - DEBUG: Move to telescope to (alt, az): (15,49:02:48.5)
2014-03-29 08:42:38,011 - WARNING: Detected alt below 15: 14:21:57.5
2014-03-29 08:44:41,299 - WARNING: Detected alt below 15: 14:40:18.6
2014-03-29 08:44:41,299 - DEBUG: Move to telescope to (alt, az): (15,49:17:38.1)
2014-03-29 08:44:41,300 - WARNING: Detected alt below 15: 14:40:18.6
2014-03-29 08:46:44,583 - WARNING: Detected alt below 15: 14:58:44.4
2014-03-29 08:46:44,584 - DEBUG: Move to telescope to (alt, az): (15,49:32:23.4)
2014-03-29 08:46:44,584 - WARNING: Detected alt below 15: 14:58:44.4
2014-03-29 08:48:47,868 - DEBUG: Move to telescope to (alt, az): (15.2872593909,49:47:04.6)
2014-03-29 08:50:52,356 - DEBUG: Move to telescope to (alt, az): (15.601601772,50:01:55.8)
2014-03-29 08:52:55,641 - DEBUG: Move to telescope to (alt, az): (15.9118887282,50:16:28.6)
2014-03-29 08:55:00,129 - DEBUG: Move to telescope to (alt, az): (16.2283809113,50:31:11.3)
2014-03-29 08:57:03,514 - DEBUG: Move to telescope to (alt, az): (16.540940613,50:45:35.7)
2014-03-29 08:59:06,794 - DEBUG: Move to telescope to (alt, az): (16.8546085129,50:59:56.0)
2014-03-29 09:01:11,279 - DEBUG: Move to telescope to (alt, az): (17.1745004227,51:14:26.1)
2014-03-29 09:03:15,768 - DEBUG: Move to telescope to (alt, az): (17.4929392097,51:28:45.0)
2014-03-29 09:05:19,152 - DEBUG: Move to telescope to (alt, az): (17.8124657044,51:42:59.9)
2014-03-29 09:07:22,436 - DEBUG: Move to telescope to (alt, az): (18.1304810197,51:57:03.8)
2014-03-29 09:09:25,725 - DEBUG: Move to telescope to (alt, az): (18.449544769,52:11:03.7)
2014-03-29 09:11:29,109 - DEBUG: Move to telescope to (alt, az): (18.7722524243,52:25:06.4)
2014-03-29 09:13:33,598 - DEBUG: Move to telescope to (alt, az): (19.0960016834,52:39:05.0)
2014-03-29 09:15:38,090 - DEBUG: Move to telescope to (alt, az): (19.4234050937,52:53:06.3)
2014-03-29 09:17:41,471 - DEBUG: Move to telescope to (alt, az): (19.7465823245,53:06:50.1)
2014-03-29 09:19:45,955 - DEBUG: Move to telescope to (alt, az): (20.0733915084,53:20:36.7)
2014-03-29 09:21:49,240 - DEBUG: Move to telescope to (alt, az): (20.4011978998,53:34:19.3)
2014-03-29 09:23:52,528 - DEBUG: Move to telescope to (alt, az): (20.7273360176,53:47:51.3)
2014-03-29 09:25:55,821 - DEBUG: Move to telescope to (alt, az): (21.0544354845,54:01:19.5)
2014-03-29 09:27:59,101 - DEBUG: Move to telescope to (alt, az): (21.3851549517,54:14:50.3)
2014-03-29 09:30:02,386 - DEBUG: Move to telescope to (alt, az): (21.7141515036,54:28:10.7)
2014-03-29 09:32:05,666 - DEBUG: Move to telescope to (alt, az): (22.0440786688,54:41:27.3)
2014-03-29 09:34:08,951 - DEBUG: Move to telescope to (alt, az): (22.3749244945,54:54:40.0)
2014-03-29 09:36:12,243 - DEBUG: Move to telescope to (alt, az): (22.7093834902,55:07:55.4)
2014-03-29 09:38:15,532 - DEBUG: Move to telescope to (alt, az): (23.0420478537,55:21:00.5)
2014-03-29 09:40:20,016 - DEBUG: Move to telescope to (alt, az): (23.3810335573,55:34:14.6)
2014-03-29 09:42:24,497 - DEBUG: Move to telescope to (alt, az): (23.7182075533,55:47:18.4)
2014-03-29 09:44:27,781 - DEBUG: Move to telescope to (alt, az): (24.0535373981,56:00:12.2)
2014-03-29 09:46:31,070 - DEBUG: Move to telescope to (alt, az): (24.3924650451,56:13:08.5)
2014-03-29 09:48:34,354 - DEBUG: Move to telescope to (alt, az): (24.7295160976,56:25:54.8)
2014-03-29 09:50:37,639 - DEBUG: Move to telescope to (alt, az): (25.0674106785,56:38:37.4)
2014-03-29 09:52:41,031 - DEBUG: Move to telescope to (alt, az): (25.4088979389,56:51:22.5)
2014-03-29 09:54:45,520 - DEBUG: Move to telescope to (alt, az): (25.7512218975,57:04:03.8)
2014-03-29 09:56:48,900 - DEBUG: Move to telescope to (alt, az): (26.0916077898,57:16:35.4)
2014-03-29 09:58:52,185 - DEBUG: Move to telescope to (alt, az): (26.435577824,57:29:09.4)
2014-03-29 10:00:55,465 - DEBUG: Move to telescope to (alt, az): (26.777575641,57:41:33.6)
2014-03-29 10:02:59,950 - DEBUG: Move to telescope to (alt, az): (27.1231541847,57:54:00.2)
2014-03-29 10:05:04,438 - DEBUG: Move to telescope to (alt, az): (27.4723237004,58:06:29.2)
2014-03-29 10:07:07,723 - DEBUG: Move to telescope to (alt, az): (27.8166864704,58:18:42.5)
2014-03-29 10:09:13,307 - DEBUG: Move to telescope to (alt, az): (28.1702409675,58:31:10.0)
2014-03-29 10:11:18,896 - DEBUG: Move to telescope to (alt, az): (28.5217720211,58:43:27.9)
2014-03-29 10:13:22,181 - DEBUG: Move to telescope to (alt, az): (28.871257433,58:55:36.2)
2014-03-29 10:15:26,669 - DEBUG: Move to telescope to (alt, az): (29.2214924581,59:07:40.9)
2014-03-29 10:17:29,954 - DEBUG: Move to telescope to (alt, az): (29.5696374454,59:19:36.3)
2014-03-29 10:19:34,442 - DEBUG: Move to telescope to (alt, az): (29.924185735,59:31:39.6)
2014-03-29 10:21:40,027 - DEBUG: Move to telescope to (alt, az): (30.2823164589,59:43:45.0)
2014-03-29 10:23:44,507 - DEBUG: Move to telescope to (alt, az): (30.6354884654,59:55:35.4)
2014-03-29 10:25:49,000 - DEBUG: Move to telescope to (alt, az): (30.9893708116,60:07:22.2)
2014-03-29 10:27:52,380 - DEBUG: Move to telescope to (alt, az): (31.3439566672,60:19:05.4)
2014-03-29 10:29:56,905 - DEBUG: Move to telescope to (alt, az): (31.6992392022,60:30:45.0)
2014-03-29 10:32:00,289 - DEBUG: Move to telescope to (alt, az): (32.0552081712,60:42:21.1)
2014-03-29 10:34:03,678 - DEBUG: Move to telescope to (alt, az): (32.4089812343,60:53:48.2)
2014-03-29 10:36:06,970 - DEBUG: Move to telescope to (alt, az): (32.7634099956,61:05:11.7)
2014-03-29 10:38:11,451 - DEBUG: Move to telescope to (alt, az): (33.1242762103,61:16:42.8)
2014-03-29 10:40:14,735 - DEBUG: Move to telescope to (alt, az): (33.480019783,61:27:59.4)
2014-03-29 10:42:19,216 - DEBUG: Move to telescope to (alt, az): (33.8422042241,61:39:23.4)
2014-03-29 10:44:23,696 - DEBUG: Move to telescope to (alt, az): (34.2021347028,61:50:38.4)
2014-03-29 10:46:28,189 - DEBUG: Move to telescope to (alt, az): (34.5656100497,62:01:55.3)
2014-03-29 10:48:30,633 - DEBUG: Move to telescope to (alt, az): (34.920977962,62:12:52.5)
2014-03-29 10:50:33,914 - DEBUG: Move to telescope to (alt, az): (35.2798668368,62:23:51.7)
2014-03-29 10:52:38,394 - DEBUG: Move to telescope to (alt, az): (35.6452102404,62:34:58.0)
2014-03-29 10:54:41,679 - DEBUG: Move to telescope to (alt, az): (36.0053080588,62:45:50.3)
2014-03-29 10:55:54,672 - DEBUG: Exiting
