2014-03-28 05:33:41,570 - DEBUG: Calculating position of 3C405
2014-03-28 05:33:41,570 - DEBUG: Observer Lat: 37:52:23.5
2014-03-28 05:33:41,571 - DEBUG: Observer Long: -122:15:26.3
2014-03-28 05:33:41,571 - DEBUG: Observer Date: 2014/3/28 05:33:40
2014-03-28 05:33:41,571 - DEBUG: 3C405 alt: -7:38:35.4
2014-03-28 05:33:41,571 - DEBUG: 3C405 az: 20:12:28.9
2014-03-28 05:33:41,571 - DEBUG: Set to home position
2014-03-28 05:34:17,972 - DEBUG: Start position controller
2014-03-28 05:34:17,973 - WARNING: Detected alt below 15: -0.132680831792
2014-03-28 05:34:17,973 - DEBUG: Move to telescope to (alt, az): (15,0.354568585401)
2014-03-28 05:34:17,974 - WARNING: Detected alt below 15: -0.132680831792
2014-03-28 05:34:25,981 - DEBUG: Recording data for 3610.000000 seconds
2014-03-28 05:36:31,258 - WARNING: Detected alt below 15: -0.129977747416
2014-03-28 05:36:31,258 - DEBUG: Move to telescope to (alt, az): (15,0.361521692539)
2014-03-28 05:36:31,258 - WARNING: Detected alt below 15: -0.129977747416
2014-03-28 05:38:34,538 - WARNING: Detected alt below 15: -0.127452465666
2014-03-28 05:38:34,538 - DEBUG: Move to telescope to (alt, az): (15,0.36788422892)
2014-03-28 05:38:34,539 - WARNING: Detected alt below 15: -0.127452465666
2014-03-28 05:40:37,830 - WARNING: Detected alt below 15: -0.124885213841
2014-03-28 05:40:37,831 - DEBUG: Move to telescope to (alt, az): (15,0.374227594705)
2014-03-28 05:40:37,831 - WARNING: Detected alt below 15: -0.124885213841
2014-03-28 05:42:41,211 - WARNING: Detected alt below 15: -0.122254840697
2014-03-28 05:42:41,211 - DEBUG: Move to telescope to (alt, az): (15,0.380602912558)
2014-03-28 05:42:41,212 - WARNING: Detected alt below 15: -0.122254840697
2014-03-28 05:44:44,495 - WARNING: Detected alt below 15: -0.119604005782
2014-03-28 05:44:44,496 - DEBUG: Move to telescope to (alt, az): (15,0.38690714756)
2014-03-28 05:44:44,496 - WARNING: Detected alt below 15: -0.119604005782
2014-03-28 05:46:47,780 - WARNING: Detected alt below 15: -0.116911900401
2014-03-28 05:46:47,780 - DEBUG: Move to telescope to (alt, az): (15,0.393191592777)
2014-03-28 05:46:47,780 - WARNING: Detected alt below 15: -0.116911900401
2014-03-28 05:48:51,068 - WARNING: Detected alt below 15: -0.11415637293
2014-03-28 05:48:51,069 - DEBUG: Move to telescope to (alt, az): (15,0.399506902583)
2014-03-28 05:48:51,069 - WARNING: Detected alt below 15: -0.11415637293
2014-03-28 05:50:54,353 - WARNING: Detected alt below 15: -0.111382107383
2014-03-28 05:50:54,353 - DEBUG: Move to telescope to (alt, az): (15,0.405751027989)
2014-03-28 05:50:54,353 - WARNING: Detected alt below 15: -0.111382107383
2014-03-28 05:52:57,641 - WARNING: Detected alt below 15: -0.108567288399
2014-03-28 05:52:57,642 - DEBUG: Move to telescope to (alt, az): (15,0.411974798529)
2014-03-28 05:52:57,642 - WARNING: Detected alt below 15: -0.108567288399
2014-03-28 05:55:00,926 - WARNING: Detected alt below 15: -0.105712157803
2014-03-28 05:55:00,926 - DEBUG: Move to telescope to (alt, az): (15,0.418178038256)
2014-03-28 05:55:00,926 - WARNING: Detected alt below 15: -0.105712157803
2014-03-28 05:57:04,206 - WARNING: Detected alt below 15: -0.102793257332
2014-03-28 05:57:04,206 - DEBUG: Move to telescope to (alt, az): (15,0.424410756252)
2014-03-28 05:57:04,207 - WARNING: Detected alt below 15: -0.102793257332
2014-03-28 05:59:07,491 - WARNING: Detected alt below 15: -0.0998579125908
2014-03-28 05:59:07,491 - DEBUG: Move to telescope to (alt, az): (15,0.430572259587)
2014-03-28 05:59:07,491 - WARNING: Detected alt below 15: -0.0998579125908
2014-03-28 06:01:10,783 - WARNING: Detected alt below 15: -0.09688299303
2014-03-28 06:01:10,783 - DEBUG: Move to telescope to (alt, az): (15,0.436712738055)
2014-03-28 06:01:10,784 - WARNING: Detected alt below 15: -0.09688299303
2014-03-28 06:03:14,072 - WARNING: Detected alt below 15: -0.0938440798137
2014-03-28 06:03:14,072 - DEBUG: Move to telescope to (alt, az): (15,0.442881702348)
2014-03-28 06:03:14,072 - WARNING: Detected alt below 15: -0.0938440798137
2014-03-28 06:05:17,364 - WARNING: Detected alt below 15: -0.0907904383884
2014-03-28 06:05:17,364 - DEBUG: Move to telescope to (alt, az): (15,0.448979505225)
2014-03-28 06:05:17,365 - WARNING: Detected alt below 15: -0.0907904383884
2014-03-28 06:07:20,644 - WARNING: Detected alt below 15: -0.0876979711224
2014-03-28 06:07:20,645 - DEBUG: Move to telescope to (alt, az): (15,0.455055841633)
2014-03-28 06:07:20,645 - WARNING: Detected alt below 15: -0.0876979711224
2014-03-28 06:09:23,929 - WARNING: Detected alt below 15: -0.0845669293293
2014-03-28 06:09:23,930 - DEBUG: Move to telescope to (alt, az): (15,0.461110576197)
2014-03-28 06:09:23,930 - WARNING: Detected alt below 15: -0.0845669293293
2014-03-28 06:11:27,221 - WARNING: Detected alt below 15: -0.081371641865
2014-03-28 06:11:27,222 - DEBUG: Move to telescope to (alt, az): (15,0.467192538472)
2014-03-28 06:11:27,222 - WARNING: Detected alt below 15: -0.081371641865
2014-03-28 06:13:30,502 - WARNING: Detected alt below 15: -0.0781639006761
2014-03-28 06:13:30,502 - DEBUG: Move to telescope to (alt, az): (15,0.473203507254)
2014-03-28 06:13:30,502 - WARNING: Detected alt below 15: -0.0781639006761
2014-03-28 06:15:33,794 - WARNING: Detected alt below 15: -0.0749183469722
2014-03-28 06:15:33,795 - DEBUG: Move to telescope to (alt, az): (15,0.479192500479)
2014-03-28 06:15:33,795 - WARNING: Detected alt below 15: -0.0749183469722
2014-03-28 06:17:37,083 - WARNING: Detected alt below 15: -0.0716083906188
2014-03-28 06:17:37,083 - DEBUG: Move to telescope to (alt, az): (15,0.48520782554)
2014-03-28 06:17:37,083 - WARNING: Detected alt below 15: -0.0716083906188
2014-03-28 06:19:40,371 - WARNING: Detected alt below 15: -0.0682876755487
2014-03-28 06:19:40,372 - DEBUG: Move to telescope to (alt, az): (15,0.491152352515)
2014-03-28 06:19:40,372 - WARNING: Detected alt below 15: -0.0682876755487
2014-03-28 06:21:43,660 - WARNING: Detected alt below 15: -0.0649299173465
2014-03-28 06:21:43,660 - DEBUG: Move to telescope to (alt, az): (15,0.497074579615)
2014-03-28 06:21:43,660 - WARNING: Detected alt below 15: -0.0649299173465
2014-03-28 06:23:47,044 - WARNING: Detected alt below 15: -0.0615076251066
2014-03-28 06:23:47,045 - DEBUG: Move to telescope to (alt, az): (15,0.503022283752)
2014-03-28 06:23:47,045 - WARNING: Detected alt below 15: -0.0615076251066
2014-03-28 06:25:50,337 - WARNING: Detected alt below 15: -0.0580762564371
2014-03-28 06:25:50,337 - DEBUG: Move to telescope to (alt, az): (15,0.508899441683)
2014-03-28 06:25:50,337 - WARNING: Detected alt below 15: -0.0580762564371
2014-03-28 06:27:53,625 - WARNING: Detected alt below 15: -0.0546086194878
2014-03-28 06:27:53,626 - DEBUG: Move to telescope to (alt, az): (15,0.514754023143)
2014-03-28 06:27:53,626 - WARNING: Detected alt below 15: -0.0546086194878
