2014-03-28 22:05:26,515 - DEBUG: Calculating position of 3C461
2014-03-28 22:05:26,515 - DEBUG: Observer Lat: 37:52:23.5
2014-03-28 22:05:26,515 - DEBUG: Observer Long: -122:15:26.3
2014-03-28 22:05:26,515 - DEBUG: Observer Date: 2014/3/28 22:05:25
2014-03-28 22:05:26,516 - DEBUG: 3C461 alt: 54:49:45.7
2014-03-28 22:05:26,516 - DEBUG: 3C461 az: 321:11:39.4
2014-03-28 22:05:26,516 - DEBUG: Set to home position
2014-03-28 22:05:55,110 - DEBUG: Start position controller
2014-03-28 22:05:55,111 - DEBUG: Move to telescope to (alt, az): (54.7694257278,321:09:47.1)
2014-03-28 22:06:03,120 - DEBUG: Recording data for 14410.000000 seconds
2014-03-28 22:08:06,196 - DEBUG: Move to telescope to (alt, az): (54.4981955007,321:01:32.2)
2014-03-28 22:10:10,677 - DEBUG: Move to telescope to (alt, az): (54.24073152,320:54:02.3)
2014-03-28 22:12:15,157 - DEBUG: Move to telescope to (alt, az): (53.9805047277,320:46:46.9)
2014-03-28 22:14:18,442 - DEBUG: Move to telescope to (alt, az): (53.7237954828,320:39:55.8)
2014-03-28 22:16:22,930 - DEBUG: Move to telescope to (alt, az): (53.4643848982,320:33:18.5)
2014-03-28 22:18:27,415 - DEBUG: Move to telescope to (alt, az): (53.2022763888,320:26:55.1)
2014-03-28 22:20:32,999 - DEBUG: Move to telescope to (alt, az): (52.9395941435,320:20:48.7)
2014-03-28 22:22:38,588 - DEBUG: Move to telescope to (alt, az): (52.6742549546,320:14:56.0)
2014-03-28 22:24:43,073 - DEBUG: Move to telescope to (alt, az): (52.4104935394,320:09:22.7)
2014-03-28 22:26:46,453 - DEBUG: Move to telescope to (alt, az): (52.1504648226,320:04:10.2)
2014-03-28 22:28:50,938 - DEBUG: Move to telescope to (alt, az): (51.8878577094,319:59:10.8)
2014-03-28 22:30:56,526 - DEBUG: Move to telescope to (alt, az): (51.6205650864,319:54:22.1)
2014-03-28 22:33:02,111 - DEBUG: Move to telescope to (alt, az): (51.3528387464,319:49:49.0)
2014-03-28 22:35:06,599 - DEBUG: Move to telescope to (alt, az): (51.0889646331,319:45:35.0)
2014-03-28 22:37:11,084 - DEBUG: Move to telescope to (alt, az): (50.8225872555,319:41:33.9)
2014-03-28 22:39:15,565 - DEBUG: Move to telescope to (alt, az): (50.5579857271,319:37:48.9)
2014-03-28 22:41:18,849 - DEBUG: Move to telescope to (alt, az): (50.2951976138,319:34:19.6)
2014-03-28 22:43:23,330 - DEBUG: Move to telescope to (alt, az): (50.0278264437,319:31:01.0)
2014-03-28 22:45:27,822 - DEBUG: Move to telescope to (alt, az): (49.7623062548,319:27:57.6)
2014-03-28 22:47:32,327 - DEBUG: Move to telescope to (alt, az): (49.4943784242,319:25:06.2)
2014-03-28 22:49:36,815 - DEBUG: Move to telescope to (alt, az): (49.2283459712,319:22:29.5)
2014-03-28 22:51:40,200 - DEBUG: Move to telescope to (alt, az): (48.9620881218,319:20:05.8)
2014-03-28 22:53:44,688 - DEBUG: Move to telescope to (alt, az): (48.6956287819,319:17:54.8)
2014-03-28 22:55:48,081 - DEBUG: Move to telescope to (alt, az): (48.4289781967,319:15:56.4)
2014-03-28 22:57:52,561 - DEBUG: Move to telescope to (alt, az): (48.162163687,319:14:10.4)
2014-03-28 22:59:55,846 - DEBUG: Move to telescope to (alt, az): (47.8973538378,319:12:37.3)
2014-03-28 23:02:00,326 - DEBUG: Move to telescope to (alt, az): (47.6281043656,319:11:14.8)
2014-03-28 23:04:04,811 - DEBUG: Move to telescope to (alt, az): (47.36089712,319:10:04.8)
2014-03-28 23:06:08,203 - DEBUG: Move to telescope to (alt, az): (47.0935942517,319:09:06.4)
2014-03-28 23:08:12,692 - DEBUG: Move to telescope to (alt, az): (46.8262128363,319:08:19.6)
2014-03-28 23:10:16,077 - DEBUG: Move to telescope to (alt, az): (46.5587733642,319:07:44.0)
2014-03-28 23:12:20,557 - DEBUG: Move to telescope to (alt, az): (46.291289496,319:07:19.6)
2014-03-28 23:14:25,042 - DEBUG: Move to telescope to (alt, az): (46.0216199672,319:07:06.2)
2014-03-28 23:16:29,530 - DEBUG: Move to telescope to (alt, az): (45.7540985328,319:07:03.6)
2014-03-28 23:18:34,015 - DEBUG: Move to telescope to (alt, az): (45.4844221738,319:07:11.9)
2014-03-28 23:20:38,495 - DEBUG: Move to telescope to (alt, az): (45.2169280603,319:07:30.6)
2014-03-28 23:22:42,980 - DEBUG: Move to telescope to (alt, az): (44.9494715128,319:07:59.7)
2014-03-28 23:24:46,368 - DEBUG: Move to telescope to (alt, az): (44.6820661917,319:08:39.0)
2014-03-28 23:26:50,853 - DEBUG: Move to telescope to (alt, az): (44.4147291724,319:09:28.4)
2014-03-28 23:28:54,137 - DEBUG: Move to telescope to (alt, az): (44.1474741155,319:10:27.7)
2014-03-28 23:30:57,526 - DEBUG: Move to telescope to (alt, az): (43.8824696059,319:11:36.2)
2014-03-28 23:33:03,111 - DEBUG: Move to telescope to (alt, az): (43.6111198506,319:12:56.3)
2014-03-28 23:35:08,699 - DEBUG: Move to telescope to (alt, az): (43.3420513784,319:14:25.4)
2014-03-28 23:37:13,184 - DEBUG: Move to telescope to (alt, az): (43.0731263402,319:16:04.2)
2014-03-28 23:39:16,573 - DEBUG: Move to telescope to (alt, az): (42.8086580004,319:17:50.5)
2014-03-28 23:41:21,057 - DEBUG: Move to telescope to (alt, az): (42.5400642264,319:19:47.8)
2014-03-28 23:43:25,537 - DEBUG: Move to telescope to (alt, az): (42.2737995469,319:21:53.3)
2014-03-28 23:45:30,030 - DEBUG: Move to telescope to (alt, az): (42.0055882635,319:24:08.8)
2014-03-28 23:47:33,315 - DEBUG: Move to telescope to (alt, az): (41.7418746596,319:26:30.9)
2014-03-28 23:49:37,803 - DEBUG: Move to telescope to (alt, az): (41.4762417726,319:29:02.8)
2014-03-28 23:51:42,288 - DEBUG: Move to telescope to (alt, az): (41.208710093,319:31:44.6)
2014-03-28 23:53:46,768 - DEBUG: Move to telescope to (alt, az): (40.9435655645,319:34:33.7)
2014-03-28 23:55:51,261 - DEBUG: Move to telescope to (alt, az): (40.6765495642,319:37:32.7)
2014-03-28 23:57:54,642 - DEBUG: Move to telescope to (alt, az): (40.4140824699,319:40:37.0)
2014-03-28 23:59:59,134 - DEBUG: Move to telescope to (alt, az): (40.1476367904,319:43:52.5)
2014-03-29 00:02:03,614 - DEBUG: Move to telescope to (alt, az): (39.8836260733,319:47:14.7)
2014-03-29 00:04:06,899 - DEBUG: Move to telescope to (alt, az): (39.6220537337,319:50:43.1)
2014-03-29 00:06:11,387 - DEBUG: Move to telescope to (alt, az): (39.3565574505,319:54:22.8)
2014-03-29 00:08:15,872 - DEBUG: Move to telescope to (alt, az): (39.0935234505,319:58:08.6)
2014-03-29 00:10:20,357 - DEBUG: Move to telescope to (alt, az): (38.8287238466,320:02:04.2)
2014-03-29 00:12:24,845 - DEBUG: Move to telescope to (alt, az): (38.5664070164,320:06:05.5)
2014-03-29 00:14:29,342 - DEBUG: Move to telescope to (alt, az): (38.3023553182,320:10:16.4)
2014-03-29 00:16:33,830 - DEBUG: Move to telescope to (alt, az): (38.0408034692,320:14:32.7)
2014-03-29 00:18:38,315 - DEBUG: Move to telescope to (alt, az): (37.7775440729,320:18:58.6)
2014-03-29 00:20:42,803 - DEBUG: Move to telescope to (alt, az): (37.5168016013,320:23:29.8)
2014-03-29 00:22:47,288 - DEBUG: Move to telescope to (alt, az): (37.2543857334,320:28:10.5)
2014-03-29 00:24:50,576 - DEBUG: Move to telescope to (alt, az): (36.9965973187,320:32:53.7)
2014-03-29 00:26:55,061 - DEBUG: Move to telescope to (alt, az): (36.7350659603,320:37:48.8)
2014-03-29 00:28:59,550 - DEBUG: Move to telescope to (alt, az): (36.4760856775,320:42:48.5)
2014-03-29 00:31:04,034 - DEBUG: Move to telescope to (alt, az): (36.215490055,320:47:57.7)
2014-03-29 00:33:07,419 - DEBUG: Move to telescope to (alt, az): (35.9595355461,320:53:08.7)
2014-03-29 00:35:11,907 - DEBUG: Move to telescope to (alt, az): (35.701989603,320:58:29.2)
2014-03-29 00:37:16,392 - DEBUG: Move to telescope to (alt, az): (35.4428761316,321:03:58.8)
2014-03-29 00:39:19,772 - DEBUG: Move to telescope to (alt, az): (35.1884140189,321:09:30.0)
2014-03-29 00:41:24,257 - DEBUG: Move to telescope to (alt, az): (34.9303421513,321:15:13.2)
2014-03-29 00:43:28,745 - DEBUG: Move to telescope to (alt, az): (34.6748691707,321:21:00.3)
2014-03-29 00:45:32,138 - DEBUG: Move to telescope to (alt, az): (34.4199426052,321:26:53.8)
2014-03-29 00:47:36,618 - DEBUG: Move to telescope to (alt, az): (34.1655727002,321:32:53.7)
2014-03-29 00:49:41,103 - DEBUG: Move to telescope to (alt, az): (33.9097206441,321:39:03.1)
2014-03-29 00:51:44,387 - DEBUG: Move to telescope to (alt, az): (33.6585370222,321:45:12.7)
2014-03-29 00:53:48,876 - DEBUG: Move to telescope to (alt, az): (33.4058985701,321:51:31.6)
2014-03-29 00:55:53,369 - DEBUG: Move to telescope to (alt, az): (33.1518257783,321:57:59.8)
2014-03-29 00:57:57,849 - DEBUG: Move to telescope to (alt, az): (32.9003962696,322:04:31.2)
2014-03-29 01:00:02,334 - DEBUG: Move to telescope to (alt, az): (32.6475665722,322:11:11.9)
2014-03-29 01:02:05,722 - DEBUG: Move to telescope to (alt, az): (32.3994087242,322:17:52.2)
2014-03-29 01:04:10,207 - DEBUG: Move to telescope to (alt, az): (32.1478596873,322:24:45.0)
2014-03-29 01:06:20,360 - DEBUG: Move to telescope to (alt, az): (31.8869498761,322:32:00.7)
2014-03-29 01:08:31,453 - DEBUG: Move to telescope to (alt, az): (31.6247696497,322:39:26.4)
2014-03-29 01:10:35,941 - DEBUG: Move to telescope to (alt, az): (31.3772914055,322:46:34.3)
2014-03-29 01:12:40,426 - DEBUG: Move to telescope to (alt, az): (31.1285085952,322:53:51.5)
2014-03-29 01:14:44,906 - DEBUG: Move to telescope to (alt, az): (30.8824134643,323:01:11.0)
2014-03-29 01:16:49,391 - DEBUG: Move to telescope to (alt, az): (30.635041088,323:08:39.8)
2014-03-29 01:18:53,879 - DEBUG: Move to telescope to (alt, az): (30.3903700516,323:16:10.8)
2014-03-29 01:20:58,364 - DEBUG: Move to telescope to (alt, az): (30.1444559207,323:23:51.0)
2014-03-29 01:23:02,845 - DEBUG: Move to telescope to (alt, az): (29.9012465447,323:31:33.2)
2014-03-29 01:25:07,345 - DEBUG: Move to telescope to (alt, az): (29.6568282253,323:39:24.7)
2014-03-29 01:27:11,826 - DEBUG: Move to telescope to (alt, az): (29.415124906,323:47:18.0)
2014-03-29 01:29:15,110 - DEBUG: Move to telescope to (alt, az): (29.1741831528,323:55:16.8)
2014-03-29 01:31:19,595 - DEBUG: Move to telescope to (alt, az): (28.9340200413,324:03:21.0)
2014-03-29 01:33:22,883 - DEBUG: Move to telescope to (alt, az): (28.6965685148,324:11:26.6)
2014-03-29 01:35:27,370 - DEBUG: Move to telescope to (alt, az): (28.456055356,324:19:45.5)
2014-03-29 01:37:31,856 - DEBUG: Move to telescope to (alt, az): (28.2182742728,324:28:05.7)
2014-03-29 01:39:35,141 - DEBUG: Move to telescope to (alt, az): (27.9813093973,324:36:31.2)
2014-03-29 01:41:40,721 - DEBUG: Move to telescope to (alt, az): (27.743268767,324:45:06.2)
2014-03-29 01:43:46,306 - DEBUG: Move to telescope to (alt, az): (27.5041831178,324:53:50.5)
2014-03-29 01:45:49,594 - DEBUG: Move to telescope to (alt, az): (27.2716305444,325:02:27.6)
2014-03-29 01:47:54,079 - DEBUG: Move to telescope to (alt, az): (27.0361580653,325:11:18.2)
2014-03-29 01:49:58,563 - DEBUG: Move to telescope to (alt, az): (26.8034381523,325:20:09.8)
2014-03-29 01:52:01,852 - DEBUG: Move to telescope to (alt, az): (26.5734588528,325:29:02.0)
2014-03-29 01:54:05,136 - DEBUG: Move to telescope to (alt, az): (26.3424925909,325:38:03.7)
2014-03-29 01:56:08,525 - DEBUG: Move to telescope to (alt, az): (26.1142703575,325:47:05.8)
2014-03-29 01:58:13,009 - DEBUG: Move to telescope to (alt, az): (25.8832494541,325:56:21.8)
2014-03-29 02:00:17,490 - DEBUG: Move to telescope to (alt, az): (25.6549964849,326:05:38.4)
2014-03-29 02:02:20,774 - DEBUG: Move to telescope to (alt, az): (25.4294943743,326:14:55.3)
2014-03-29 02:04:24,063 - DEBUG: Move to telescope to (alt, az): (25.2030906788,326:24:21.6)
2014-03-29 02:06:12,690 - DEBUG: Exiting
