2014-03-28 09:12:03,206 - DEBUG: Calculating position of m17
2014-03-28 09:12:03,207 - DEBUG: Observer Lat: 37:52:23.5
2014-03-28 09:12:03,207 - DEBUG: Observer Long: -122:15:26.3
2014-03-28 09:12:03,207 - DEBUG: Observer Date: 2014/3/28 09:12:02
2014-03-28 09:12:03,208 - DEBUG: m17 alt: 22:31:56.9
2014-03-28 09:12:03,208 - DEBUG: m17 az: 86:33:20.3
2014-03-28 09:12:03,208 - DEBUG: Set to home position
2014-03-28 09:12:37,404 - DEBUG: Start position controller
2014-03-28 09:12:37,405 - DEBUG: Move to telescope to (alt, az): (22.6441859195,86:38:24.3)
2014-03-28 09:12:45,402 - DEBUG: Recording data for 15010.000000 seconds
2014-03-28 09:14:49,591 - DEBUG: Move to telescope to (alt, az): (23.0780566111,86:58:06.4)
2014-03-28 09:16:52,979 - DEBUG: Move to telescope to (alt, az): (23.4824874797,87:16:30.7)
2014-03-28 09:18:57,464 - DEBUG: Move to telescope to (alt, az): (23.8936238866,87:35:15.8)
2014-03-28 09:21:01,948 - DEBUG: Move to telescope to (alt, az): (24.3015876707,87:53:54.9)
2014-03-28 09:23:06,437 - DEBUG: Move to telescope to (alt, az): (24.7129443512,88:12:46.3)
2014-03-28 09:25:09,829 - DEBUG: Move to telescope to (alt, az): (25.1178089369,88:31:22.8)
2014-03-28 09:27:14,322 - DEBUG: Move to telescope to (alt, az): (25.529332957,88:50:20.9)
2014-03-28 09:29:17,602 - DEBUG: Move to telescope to (alt, az): (25.934335854,89:09:04.3)
2014-03-28 09:31:22,083 - DEBUG: Move to telescope to (alt, az): (26.3459759874,89:28:09.8)
2014-03-28 09:33:25,367 - DEBUG: Move to telescope to (alt, az): (26.7510659693,89:47:00.8)
2014-03-28 09:35:29,856 - DEBUG: Move to telescope to (alt, az): (27.1594737156,90:06:05.1)
2014-03-28 09:37:34,340 - DEBUG: Move to telescope to (alt, az): (27.571185566,90:25:22.9)
2014-03-28 09:39:38,825 - DEBUG: Move to telescope to (alt, az): (27.97960185,90:44:35.8)
2014-03-28 09:41:44,414 - DEBUG: Move to telescope to (alt, az): (28.3945887761,91:04:11.9)
2014-03-28 09:43:48,898 - DEBUG: Move to telescope to (alt, az): (28.8029589564,91:23:34.2)
2014-03-28 09:45:56,691 - DEBUG: Move to telescope to (alt, az): (29.2244567602,91:43:39.0)
2014-03-28 09:47:59,143 - DEBUG: Move to telescope to (alt, az): (29.6294323365,92:03:01.9)
2014-03-28 09:50:06,932 - DEBUG: Move to telescope to (alt, az): (30.0475048005,92:23:08.1)
2014-03-28 09:52:11,417 - DEBUG: Move to telescope to (alt, az): (30.4589007546,92:43:00.8)
2014-03-28 09:54:14,805 - DEBUG: Move to telescope to (alt, az): (30.8636201988,93:02:40.1)
2014-03-28 09:56:19,290 - DEBUG: Move to telescope to (alt, az): (31.2748010019,93:22:44.4)
2014-03-28 09:58:22,670 - DEBUG: Move to telescope to (alt, az): (31.6792745593,93:42:35.4)
2014-03-28 10:00:27,155 - DEBUG: Move to telescope to (alt, az): (32.0901787397,94:02:52.0)
2014-03-28 10:02:31,643 - DEBUG: Move to telescope to (alt, az): (32.4976336747,94:23:05.4)
2014-03-28 10:04:36,128 - DEBUG: Move to telescope to (alt, az): (32.9081963457,94:43:35.2)
2014-03-28 10:06:40,641 - DEBUG: Move to telescope to (alt, az): (33.3152858655,95:04:02.1)
2014-03-28 10:08:43,921 - DEBUG: Move to telescope to (alt, az): (33.7188851586,95:24:26.1)
2014-03-28 10:10:48,406 - DEBUG: Move to telescope to (alt, az): (34.1288228673,95:45:17.4)
2014-03-28 10:13:04,995 - DEBUG: Move to telescope to (alt, az): (34.5745575975,96:08:07.4)
2014-03-28 10:15:08,287 - DEBUG: Move to telescope to (alt, az): (34.9806908908,96:29:04.7)
2014-03-28 10:17:11,668 - DEBUG: Move to telescope to (alt, az): (35.383279316,96:49:59.8)
2014-03-28 10:19:14,952 - DEBUG: Move to telescope to (alt, az): (35.7855808732,97:11:02.9)
2014-03-28 10:21:18,233 - DEBUG: Move to telescope to (alt, az): (36.1908433174,97:32:24.8)
2014-03-28 10:23:21,517 - DEBUG: Move to telescope to (alt, az): (36.592509667,97:53:45.1)
2014-03-28 10:25:24,806 - DEBUG: Move to telescope to (alt, az): (36.9938379223,98:15:14.2)
2014-03-28 10:27:28,090 - DEBUG: Move to telescope to (alt, az): (37.3980655928,98:37:03.0)
2014-03-28 10:29:31,371 - DEBUG: Move to telescope to (alt, az): (37.7986561876,98:58:50.6)
2014-03-28 10:31:34,655 - DEBUG: Move to telescope to (alt, az): (38.1988438013,99:20:48.0)
2014-03-28 10:33:38,048 - DEBUG: Move to telescope to (alt, az): (38.6018659435,99:43:06.1)
2014-03-28 10:35:41,340 - DEBUG: Move to telescope to (alt, az): (39.0011997835,100:05:23.7)
2014-03-28 10:37:44,733 - DEBUG: Move to telescope to (alt, az): (39.4000760008,100:27:51.8)
2014-03-28 10:39:48,121 - DEBUG: Move to telescope to (alt, az): (39.8017081995,100:50:41.9)
2014-03-28 10:41:51,406 - DEBUG: Move to telescope to (alt, az): (40.1996008696,101:13:32.1)
2014-03-28 10:43:54,694 - DEBUG: Move to telescope to (alt, az): (40.5969710302,101:36:33.7)
2014-03-28 10:45:58,090 - DEBUG: Move to telescope to (alt, az): (40.9970220401,101:59:58.5)
2014-03-28 10:48:01,379 - DEBUG: Move to telescope to (alt, az): (41.3932754648,102:23:24.1)
2014-03-28 10:50:04,659 - DEBUG: Move to telescope to (alt, az): (41.7889380781,102:47:02.2)
2014-03-28 10:52:08,044 - DEBUG: Move to telescope to (alt, az): (42.1871927482,103:11:04.8)
2014-03-28 10:54:11,324 - DEBUG: Move to telescope to (alt, az): (42.5815917766,103:35:08.9)
2014-03-28 10:56:14,717 - DEBUG: Move to telescope to (alt, az): (42.9753282766,103:59:26.6)
2014-03-28 10:58:18,105 - DEBUG: Move to telescope to (alt, az): (43.3715612107,104:24:10.1)
2014-03-28 11:00:21,490 - DEBUG: Move to telescope to (alt, az): (43.7638770313,104:48:56.1)
2014-03-28 11:02:24,774 - DEBUG: Move to telescope to (alt, az): (44.1554449463,105:13:56.7)
2014-03-28 11:04:28,055 - DEBUG: Move to telescope to (alt, az): (44.5494136727,105:39:24.8)
2014-03-28 11:06:30,507 - DEBUG: Move to telescope to (alt, az): (44.936227776,106:04:43.6)
2014-03-28 11:08:33,888 - DEBUG: Move to telescope to (alt, az): (45.3253778039,106:30:30.8)
2014-03-28 11:10:37,272 - DEBUG: Move to telescope to (alt, az): (45.7168193603,106:56:47.1)
2014-03-28 11:12:40,665 - DEBUG: Move to telescope to (alt, az): (46.1042003693,107:23:07.6)
2014-03-28 11:14:44,053 - DEBUG: Move to telescope to (alt, az): (46.4937909445,107:49:58.4)
2014-03-28 11:16:47,438 - DEBUG: Move to telescope to (alt, az): (46.8792697458,108:16:54.1)
2014-03-28 11:18:50,818 - DEBUG: Move to telescope to (alt, az): (47.2637479243,108:44:08.0)
2014-03-28 11:20:54,203 - DEBUG: Move to telescope to (alt, az): (47.6503058955,109:11:54.1)
2014-03-28 11:22:57,591 - DEBUG: Move to telescope to (alt, az): (48.0326701305,109:39:46.2)
2014-03-28 11:25:00,975 - DEBUG: Move to telescope to (alt, az): (48.4139244598,110:07:58.1)
2014-03-28 11:27:05,460 - DEBUG: Move to telescope to (alt, az): (48.8001989781,110:36:58.3)
2014-03-28 11:29:08,848 - DEBUG: Move to telescope to (alt, az): (49.179093477,111:05:51.7)
2014-03-28 11:31:12,233 - DEBUG: Move to telescope to (alt, az): (49.5598184667,111:35:20.9)
2014-03-28 11:33:15,621 - DEBUG: Move to telescope to (alt, az): (49.9361960409,112:04:58.0)
2014-03-28 11:35:20,114 - DEBUG: Move to telescope to (alt, az): (50.3173410871,112:35:27.1)
2014-03-28 11:37:23,494 - DEBUG: Move to telescope to (alt, az): (50.6910104913,113:05:50.5)
2014-03-28 11:39:26,879 - DEBUG: Move to telescope to (alt, az): (51.0632660464,113:36:37.7)
2014-03-28 11:41:30,259 - DEBUG: Move to telescope to (alt, az): (51.4370652242,114:08:04.8)
2014-03-28 11:43:33,644 - DEBUG: Move to telescope to (alt, az): (51.8063325715,114:39:41.9)
2014-03-28 11:45:37,036 - DEBUG: Move to telescope to (alt, az): (52.1770205981,115:12:00.7)
2014-03-28 11:47:40,425 - DEBUG: Move to telescope to (alt, az): (52.5430880018,115:44:30.4)
2014-03-28 11:49:43,809 - DEBUG: Move to telescope to (alt, az): (52.9074854242,116:17:27.5)
2014-03-28 11:51:48,290 - DEBUG: Move to telescope to (alt, az): (53.2760321865,116:51:25.3)
2014-03-28 11:53:51,674 - DEBUG: Move to telescope to (alt, az): (53.6368744955,117:25:19.6)
2014-03-28 11:55:56,163 - DEBUG: Move to telescope to (alt, az): (54.0016817292,118:00:17.1)
2014-03-28 11:57:59,547 - DEBUG: Move to telescope to (alt, az): (54.3587230379,118:35:11.6)
2014-03-28 12:00:04,032 - DEBUG: Move to telescope to (alt, az): (54.719534611,119:11:12.0)
2014-03-28 12:02:08,520 - DEBUG: Move to telescope to (alt, az): (55.0753669762,119:47:27.7)
2014-03-28 12:04:13,005 - DEBUG: Move to telescope to (alt, az): (55.4318857754,120:24:34.6)
2014-03-28 12:06:15,453 - DEBUG: Move to telescope to (alt, az): (55.777660687,121:01:21.4)
2014-03-28 12:08:19,938 - DEBUG: Move to telescope to (alt, az): (56.1268165423,121:39:19.2)
2014-03-28 12:10:24,422 - DEBUG: Move to telescope to (alt, az): (56.4763685485,122:18:11.6)
2014-03-28 12:12:28,911 - DEBUG: Move to telescope to (alt, az): (56.8206476488,122:57:22.3)
2014-03-28 12:14:33,391 - DEBUG: Move to telescope to (alt, az): (57.1651179943,123:37:30.1)
2014-03-28 12:16:37,884 - DEBUG: Move to telescope to (alt, az): (57.504182245,124:17:57.5)
2014-03-28 12:18:42,365 - DEBUG: Move to telescope to (alt, az): (57.8432123449,124:59:24.5)
2014-03-28 12:20:46,849 - DEBUG: Move to telescope to (alt, az): (58.1766895009,125:41:12.3)
2014-03-28 12:22:51,334 - DEBUG: Move to telescope to (alt, az): (58.5099071098,126:24:02.3)
2014-03-28 12:24:55,822 - DEBUG: Move to telescope to (alt, az): (58.8374146805,127:07:14.4)
2014-03-28 12:27:00,307 - DEBUG: Move to telescope to (alt, az): (59.1644031568,127:51:31.5)
2014-03-28 12:29:04,795 - DEBUG: Move to telescope to (alt, az): (59.4855313308,128:36:11.9)
2014-03-28 12:31:09,280 - DEBUG: Move to telescope to (alt, az): (59.8058672029,129:21:59.9)
2014-03-28 12:33:13,760 - DEBUG: Move to telescope to (alt, az): (60.1201720179,130:08:12.5)
2014-03-28 12:35:18,253 - DEBUG: Move to telescope to (alt, az): (60.4333908329,130:55:35.5)
2014-03-28 12:37:22,733 - DEBUG: Move to telescope to (alt, az): (60.7404010059,131:43:24.3)
2014-03-28 12:39:27,218 - DEBUG: Move to telescope to (alt, az): (61.0460246505,132:32:26.2)
2014-03-28 12:41:31,707 - DEBUG: Move to telescope to (alt, az): (61.3452415776,133:21:55.0)
2014-03-28 12:43:36,191 - DEBUG: Move to telescope to (alt, az): (61.6427509575,134:12:39.6)
2014-03-28 12:45:40,684 - DEBUG: Move to telescope to (alt, az): (61.9336487143,135:03:52.2)
2014-03-28 12:47:45,164 - DEBUG: Move to telescope to (alt, az): (62.2224905841,135:56:23.3)
2014-03-28 12:49:49,649 - DEBUG: Move to telescope to (alt, az): (62.5045159251,136:49:23.1)
2014-03-28 12:51:54,137 - DEBUG: Move to telescope to (alt, az): (62.7841233791,137:43:44.0)
2014-03-28 12:53:58,622 - DEBUG: Move to telescope to (alt, az): (63.0566957383,138:38:34.5)
2014-03-28 12:56:03,110 - DEBUG: Move to telescope to (alt, az): (63.3264608898,139:34:48.3)
2014-03-28 12:58:07,595 - DEBUG: Move to telescope to (alt, az): (63.58895872,140:31:32.1)
2014-03-28 13:00:12,075 - DEBUG: Move to telescope to (alt, az): (63.8482600216,141:29:41.5)
2014-03-28 13:02:16,560 - DEBUG: Move to telescope to (alt, az): (64.1000481152,142:28:21.1)
2014-03-28 13:04:21,049 - DEBUG: Move to telescope to (alt, az): (64.3482230387,143:28:28.3)
2014-03-28 13:06:25,533 - DEBUG: Move to telescope to (alt, az): (64.5886456975,144:29:05.4)
2014-03-28 13:08:30,018 - DEBUG: Move to telescope to (alt, az): (64.8250180541,145:31:11.5)
2014-03-28 13:10:34,506 - DEBUG: Move to telescope to (alt, az): (65.053385429,146:33:47.2)
2014-03-28 13:12:38,991 - DEBUG: Move to telescope to (alt, az): (65.2754963506,147:37:22.0)
2014-03-28 13:14:43,479 - DEBUG: Move to telescope to (alt, az): (65.4928807813,148:42:27.4)
2014-03-28 13:16:47,964 - DEBUG: Move to telescope to (alt, az): (65.7018914001,149:48:00.5)
2014-03-28 13:18:52,444 - DEBUG: Move to telescope to (alt, az): (65.9057110751,150:55:04.5)
2014-03-28 13:20:56,929 - DEBUG: Move to telescope to (alt, az): (66.1009178816,152:02:34.5)
2014-03-28 13:22:55,061 - DEBUG: Exiting
