2014-03-27 20:32:58,508 - DEBUG: Calculating position of sun
2014-03-27 20:32:58,508 - DEBUG: Observer Lat: 37:52:23.5
2014-03-27 20:32:58,508 - DEBUG: Observer Long: -122:15:26.3
2014-03-27 20:32:58,508 - DEBUG: Observer Date: 2014/3/27 20:32:57
2014-03-27 20:32:58,509 - DEBUG: sun alt: 54:41:25.3
2014-03-27 20:32:58,509 - DEBUG: sun az: 188:05:01.5
2014-03-27 20:32:58,509 - DEBUG: Set to home position
2014-03-27 20:33:32,710 - DEBUG: Start position controller
2014-03-27 20:33:32,711 - DEBUG: Move to telescope to (alt, az): (54.67454757,188:19:37.1)
2014-03-27 20:33:40,709 - DEBUG: Recording data for 3610.000000 seconds
2014-03-27 20:34:11,595 - DEBUG: Move to telescope to (alt, az): (54.6558396819,188:36:20.5)
2014-03-27 20:34:44,890 - DEBUG: Move to telescope to (alt, az): (54.6395291901,188:50:28.9)
2014-03-27 20:35:18,180 - DEBUG: Move to telescope to (alt, az): (54.622265887,189:05:02.3)
2014-03-27 20:35:51,470 - DEBUG: Move to telescope to (alt, az): (54.6050606405,189:19:09.4)
2014-03-27 20:36:24,760 - DEBUG: Move to telescope to (alt, az): (54.5874148468,189:33:15.6)
2014-03-27 20:36:58,055 - DEBUG: Move to telescope to (alt, az): (54.5687752605,189:47:46.8)
2014-03-27 20:37:31,341 - DEBUG: Move to telescope to (alt, az): (54.5502415422,190:01:51.6)
2014-03-27 20:38:04,631 - DEBUG: Move to telescope to (alt, az): (54.5312672767,190:15:55.7)
2014-03-27 20:38:37,921 - DEBUG: Move to telescope to (alt, az): (54.5118592942,190:29:58.9)
2014-03-27 20:39:11,212 - DEBUG: Move to telescope to (alt, az): (54.4914028776,190:44:26.9)
2014-03-27 20:39:44,502 - DEBUG: Move to telescope to (alt, az): (54.4711103856,190:58:28.5)
2014-03-27 20:40:17,792 - DEBUG: Move to telescope to (alt, az): (54.4503807615,191:12:29.3)
2014-03-27 20:40:51,083 - DEBUG: Move to telescope to (alt, az): (54.4285719674,191:26:54.7)
2014-03-27 20:41:24,373 - DEBUG: Move to telescope to (alt, az): (54.4069612489,191:40:53.7)
2014-03-27 20:41:57,667 - DEBUG: Move to telescope to (alt, az): (54.3849202285,191:54:52.0)
2014-03-27 20:42:30,958 - DEBUG: Move to telescope to (alt, az): (54.3624489061,192:08:49.3)
2014-03-27 20:43:04,248 - DEBUG: Move to telescope to (alt, az): (54.3388437723,192:23:11.0)
2014-03-27 20:43:37,538 - DEBUG: Move to telescope to (alt, az): (54.3155016008,192:37:06.4)
2014-03-27 20:44:10,828 - DEBUG: Move to telescope to (alt, az): (54.2917257123,192:51:00.9)
2014-03-27 20:44:44,119 - DEBUG: Move to telescope to (alt, az): (54.2667852766,193:05:19.7)
2014-03-27 20:45:17,409 - DEBUG: Move to telescope to (alt, az): (54.242141954,193:19:12.2)
2014-03-27 20:45:50,699 - DEBUG: Move to telescope to (alt, az): (54.2170751598,193:33:03.8)
2014-03-27 20:46:23,989 - DEBUG: Move to telescope to (alt, az): (54.1915814787,193:46:54.3)
2014-03-27 20:46:57,280 - DEBUG: Move to telescope to (alt, az): (54.164872024,194:01:09.0)
2014-03-27 20:47:30,570 - DEBUG: Move to telescope to (alt, az): (54.1385177391,194:14:57.5)
2014-03-27 20:48:03,860 - DEBUG: Move to telescope to (alt, az): (54.1117433975,194:28:44.9)
2014-03-27 20:48:37,151 - DEBUG: Move to telescope to (alt, az): (54.0837157162,194:42:56.3)
2014-03-27 20:49:10,445 - DEBUG: Move to telescope to (alt, az): (54.056084186,194:56:41.6)
2014-03-27 20:49:43,735 - DEBUG: Move to telescope to (alt, az): (54.0280360141,195:10:25.8)
2014-03-27 20:50:17,033 - DEBUG: Move to telescope to (alt, az): (53.9987003517,195:24:33.9)
2014-03-27 20:50:50,324 - DEBUG: Move to telescope to (alt, az): (53.9698018213,195:38:15.8)
2014-03-27 20:51:23,614 - DEBUG: Move to telescope to (alt, az): (53.9404866494,195:51:56.6)
2014-03-27 20:51:56,904 - DEBUG: Move to telescope to (alt, az): (53.910758251,196:05:36.3)
2014-03-27 20:52:30,195 - DEBUG: Move to telescope to (alt, az): (53.8796945506,196:19:39.6)
2014-03-27 20:53:03,485 - DEBUG: Move to telescope to (alt, az): (53.849126039,196:33:16.9)
2014-03-27 20:53:36,775 - DEBUG: Move to telescope to (alt, az): (53.818147716,196:46:53.1)
2014-03-27 20:54:10,065 - DEBUG: Move to telescope to (alt, az): (53.785796525,197:00:52.7)
2014-03-27 20:54:43,356 - DEBUG: Move to telescope to (alt, az): (53.753984919,197:14:26.4)
2014-03-27 20:55:16,646 - DEBUG: Move to telescope to (alt, az): (53.7217600865,197:27:58.9)
2014-03-27 20:55:49,936 - DEBUG: Move to telescope to (alt, az): (53.6891322728,197:41:30.2)
2014-03-27 20:56:23,231 - DEBUG: Move to telescope to (alt, az): (53.6550871949,197:55:24.7)
2014-03-27 20:56:56,521 - DEBUG: Move to telescope to (alt, az): (53.6216329283,198:08:53.5)
2014-03-27 20:57:29,811 - DEBUG: Move to telescope to (alt, az): (53.5877756806,198:22:21.0)
2014-03-27 20:58:03,102 - DEBUG: Move to telescope to (alt, az): (53.5524704328,198:36:11.6)
2014-03-27 20:58:36,392 - DEBUG: Move to telescope to (alt, az): (53.5177935624,198:49:36.5)
2014-03-27 20:59:09,682 - DEBUG: Move to telescope to (alt, az): (53.482720541,199:03:00.1)
2014-03-27 20:59:42,972 - DEBUG: Move to telescope to (alt, az): (53.4472445384,199:16:22.3)
2014-03-27 21:00:16,263 - DEBUG: Move to telescope to (alt, az): (53.4102795547,199:30:07.5)
2014-03-27 21:00:49,553 - DEBUG: Move to telescope to (alt, az): (53.3739941747,199:43:27.1)
2014-03-27 21:01:22,843 - DEBUG: Move to telescope to (alt, az): (53.3373194739,199:56:45.3)
2014-03-27 21:01:56,133 - DEBUG: Move to telescope to (alt, az): (53.2991148108,200:10:26.3)
2014-03-27 21:02:29,424 - DEBUG: Move to telescope to (alt, az): (53.2616375628,200:23:41.8)
2014-03-27 21:03:02,714 - DEBUG: Move to telescope to (alt, az): (53.223767579,200:36:55.9)
2014-03-27 21:03:36,004 - DEBUG: Move to telescope to (alt, az): (53.1843437271,200:50:32.6)
2014-03-27 21:04:09,299 - DEBUG: Move to telescope to (alt, az): (53.1456814413,201:03:43.9)
2014-03-27 21:04:42,589 - DEBUG: Move to telescope to (alt, az): (53.1066298347,201:16:53.7)
2014-03-27 21:05:15,879 - DEBUG: Move to telescope to (alt, az): (53.0671923225,201:30:02.2)
2014-03-27 21:05:49,169 - DEBUG: Move to telescope to (alt, az): (53.0261565459,201:43:33.1)
2014-03-27 21:06:22,460 - DEBUG: Move to telescope to (alt, az): (52.9859403921,201:56:38.6)
2014-03-27 21:06:55,850 - DEBUG: Move to telescope to (alt, az): (52.9453383326,202:09:42.8)
2014-03-27 21:07:29,140 - DEBUG: Move to telescope to (alt, az): (52.9031038578,202:23:09.1)
2014-03-27 21:08:02,431 - DEBUG: Move to telescope to (alt, az): (52.8617299869,202:36:10.3)
2014-03-27 21:08:35,721 - DEBUG: Move to telescope to (alt, az): (52.8199736254,202:49:10.0)
2014-03-27 21:09:09,011 - DEBUG: Move to telescope to (alt, az): (52.7765609431,203:02:31.8)
2014-03-27 21:09:42,301 - DEBUG: Move to telescope to (alt, az): (52.7340396004,203:15:28.5)
2014-03-27 21:10:15,592 - DEBUG: Move to telescope to (alt, az): (52.6911425973,203:28:23.7)
2014-03-27 21:10:48,882 - DEBUG: Move to telescope to (alt, az): (52.6478733489,203:41:17.4)
2014-03-27 21:11:22,176 - DEBUG: Move to telescope to (alt, az): (52.6029033834,203:54:33.0)
2014-03-27 21:11:55,467 - DEBUG: Move to telescope to (alt, az): (52.558875984,204:07:23.7)
2014-03-27 21:12:28,757 - DEBUG: Move to telescope to (alt, az): (52.5144831695,204:20:12.8)
2014-03-27 21:13:02,047 - DEBUG: Move to telescope to (alt, az): (52.4683589021,204:33:23.7)
2014-03-27 21:13:35,337 - DEBUG: Move to telescope to (alt, az): (52.4232181818,204:46:09.7)
2014-03-27 21:14:08,628 - DEBUG: Move to telescope to (alt, az): (52.3777086314,204:58:54.2)
2014-03-27 21:14:41,918 - DEBUG: Move to telescope to (alt, az): (52.331840496,205:11:37.1)
2014-03-27 21:15:15,208 - DEBUG: Move to telescope to (alt, az): (52.2841999266,205:24:41.6)
2014-03-27 21:15:48,498 - DEBUG: Move to telescope to (alt, az): (52.2375907157,205:37:21.3)
2014-03-27 21:16:21,789 - DEBUG: Move to telescope to (alt, az): (52.1906263349,205:49:59.5)
2014-03-27 21:16:55,079 - DEBUG: Move to telescope to (alt, az): (52.1418587843,206:02:59.1)
2014-03-27 21:17:28,369 - DEBUG: Move to telescope to (alt, az): (52.0941669884,206:15:34.1)
2014-03-27 21:18:01,660 - DEBUG: Move to telescope to (alt, az): (52.0461166076,206:28:07.5)
2014-03-27 21:18:34,954 - DEBUG: Move to telescope to (alt, az): (51.9977110569,206:40:39.3)
2014-03-27 21:19:08,244 - DEBUG: Move to telescope to (alt, az): (51.9474716005,206:53:32.2)
2014-03-27 21:19:41,534 - DEBUG: Move to telescope to (alt, az): (51.8983522951,207:06:00.8)
2014-03-27 21:20:14,825 - DEBUG: Move to telescope to (alt, az): (51.8488812349,207:18:27.8)
2014-03-27 21:20:48,115 - DEBUG: Move to telescope to (alt, az): (51.7975489482,207:31:15.7)
2014-03-27 21:21:21,405 - DEBUG: Move to telescope to (alt, az): (51.7473709635,207:43:39.4)
2014-03-27 21:21:54,696 - DEBUG: Move to telescope to (alt, az): (51.6968480542,207:56:01.5)
2014-03-27 21:22:27,986 - DEBUG: Move to telescope to (alt, az): (51.6459802203,208:08:21.9)
2014-03-27 21:23:01,276 - DEBUG: Move to telescope to (alt, az): (51.5932101788,208:21:03.1)
2014-03-27 21:23:34,566 - DEBUG: Move to telescope to (alt, az): (51.5416490808,208:33:20.2)
2014-03-27 21:24:07,857 - DEBUG: Move to telescope to (alt, az): (51.4897464733,208:45:35.7)
2014-03-27 21:24:41,147 - DEBUG: Move to telescope to (alt, az): (51.4359143373,208:58:11.8)
2014-03-27 21:25:14,437 - DEBUG: Move to telescope to (alt, az): (51.3833252958,209:10:23.9)
2014-03-27 21:25:47,728 - DEBUG: Move to telescope to (alt, az): (51.3303981599,209:22:34.4)
2014-03-27 21:26:21,022 - DEBUG: Move to telescope to (alt, az): (51.2755175899,209:35:05.3)
2014-03-27 21:26:54,312 - DEBUG: Move to telescope to (alt, az): (51.2219142653,209:47:12.5)
2014-03-27 21:27:27,602 - DEBUG: Move to telescope to (alt, az): (51.1679762615,209:59:17.9)
2014-03-27 21:28:00,893 - DEBUG: Move to telescope to (alt, az): (51.1137104085,210:11:21.8)
2014-03-27 21:28:34,183 - DEBUG: Move to telescope to (alt, az): (51.0574569705,210:23:45.8)
2014-03-27 21:29:07,473 - DEBUG: Move to telescope to (alt, az): (51.0025251741,210:35:46.2)
2014-03-27 21:29:40,764 - DEBUG: Move to telescope to (alt, az): (50.9472655286,210:47:45.0)
2014-03-27 21:30:14,056 - DEBUG: Move to telescope to (alt, az): (50.8899909773,211:00:03.8)
2014-03-27 21:30:47,344 - DEBUG: Move to telescope to (alt, az): (50.8340756337,211:11:59.1)
2014-03-27 21:31:20,634 - DEBUG: Move to telescope to (alt, az): (50.7778392712,211:23:52.8)
2014-03-27 21:31:53,925 - DEBUG: Move to telescope to (alt, az): (50.7212818897,211:35:44.8)
2014-03-27 21:32:27,215 - DEBUG: Move to telescope to (alt, az): (50.6626754516,211:47:56.6)
2014-03-27 21:33:00,513 - DEBUG: Move to telescope to (alt, az): (50.6054726173,211:59:45.2)
2014-03-27 21:33:33,808 - DEBUG: Move to telescope to (alt, az): (50.5479521792,212:11:32.1)
2014-03-27 21:33:50,600 - DEBUG: Exiting
