2014-03-27 18:37:35,026 - DEBUG: Calculating position of sun
2014-03-27 18:37:35,026 - DEBUG: Observer Lat: 37:52:23.5
2014-03-27 18:37:35,026 - DEBUG: Observer Long: -122:15:26.3
2014-03-27 18:37:35,027 - DEBUG: Observer Date: 2014/3/27 18:37:34
2014-03-27 18:37:35,027 - DEBUG: sun alt: 48:31:14.1
2014-03-27 18:37:35,027 - DEBUG: sun az: 141:51:31.1
2014-03-27 18:37:35,027 - DEBUG: Set to home position
2014-03-27 18:38:10,328 - DEBUG: Start position controller
2014-03-27 18:38:10,328 - DEBUG: Move to telescope to (alt, az): (48.5916425669,142:03:02.6)
2014-03-27 18:38:18,334 - DEBUG: Recording data for 3610.000000 seconds
2014-03-27 18:38:49,216 - DEBUG: Move to telescope to (alt, az): (48.6704697801,142:15:55.3)
2014-03-27 18:39:22,506 - DEBUG: Move to telescope to (alt, az): (48.7368762943,142:26:51.0)
2014-03-27 18:39:55,797 - DEBUG: Move to telescope to (alt, az): (48.8030061859,142:37:48.4)
2014-03-27 18:40:29,087 - DEBUG: Move to telescope to (alt, az): (48.87085387,142:49:07.5)
2014-03-27 18:41:02,377 - DEBUG: Move to telescope to (alt, az): (48.936423686,143:00:08.3)
2014-03-27 18:41:35,672 - DEBUG: Move to telescope to (alt, az): (49.0017168794,143:11:10.9)
2014-03-27 18:42:08,958 - DEBUG: Move to telescope to (alt, az): (49.066730035,143:22:15.1)
2014-03-27 18:42:42,248 - DEBUG: Move to telescope to (alt, az): (49.1334200021,143:33:41.2)
2014-03-27 18:43:15,538 - DEBUG: Move to telescope to (alt, az): (49.1978628369,143:44:48.8)
2014-03-27 18:43:48,829 - DEBUG: Move to telescope to (alt, az): (49.2620222189,143:55:58.2)
2014-03-27 18:44:22,123 - DEBUG: Move to telescope to (alt, az): (49.3278276764,144:07:29.6)
2014-03-27 18:44:55,413 - DEBUG: Move to telescope to (alt, az): (49.3914064923,144:18:42.4)
2014-03-27 18:45:28,704 - DEBUG: Move to telescope to (alt, az): (49.4546984402,144:29:56.9)
2014-03-27 18:46:01,994 - DEBUG: Move to telescope to (alt, az): (49.5177035202,144:41:13.1)
2014-03-27 18:46:35,284 - DEBUG: Move to telescope to (alt, az): (49.5823102796,144:52:51.6)
2014-03-27 18:47:08,574 - DEBUG: Move to telescope to (alt, az): (49.6447211331,145:04:11.2)
2014-03-27 18:47:41,865 - DEBUG: Move to telescope to (alt, az): (49.7068417036,145:15:32.5)
2014-03-27 18:48:15,155 - DEBUG: Move to telescope to (alt, az): (49.7705332177,145:27:16.3)
2014-03-27 18:48:48,445 - DEBUG: Move to telescope to (alt, az): (49.8320527315,145:38:41.1)
2014-03-27 18:49:21,736 - DEBUG: Move to telescope to (alt, az): (49.893271717,145:50:07.6)
2014-03-27 18:49:55,026 - DEBUG: Move to telescope to (alt, az): (49.9560377404,146:01:56.7)
2014-03-27 18:50:28,316 - DEBUG: Move to telescope to (alt, az): (50.0166488391,146:13:26.7)
2014-03-27 18:51:01,606 - DEBUG: Move to telescope to (alt, az): (50.0769594095,146:24:58.3)
2014-03-27 18:51:34,897 - DEBUG: Move to telescope to (alt, az): (50.1369694515,146:36:31.7)
2014-03-27 18:52:08,191 - DEBUG: Move to telescope to (alt, az): (50.198475305,146:48:27.8)
2014-03-27 18:52:41,481 - DEBUG: Move to telescope to (alt, az): (50.2578637998,147:00:04.6)
2014-03-27 18:53:14,772 - DEBUG: Move to telescope to (alt, az): (50.3169415211,147:11:43.1)
2014-03-27 18:53:48,062 - DEBUG: Move to telescope to (alt, az): (50.377487733,147:23:44.5)
2014-03-27 18:54:21,352 - DEBUG: Move to telescope to (alt, az): (50.4359404919,147:35:26.4)
2014-03-27 18:54:54,642 - DEBUG: Move to telescope to (alt, az): (50.4940790621,147:47:10.1)
2014-03-27 18:55:27,933 - DEBUG: Move to telescope to (alt, az): (50.5519034436,147:58:55.4)
2014-03-27 18:56:01,223 - DEBUG: Move to telescope to (alt, az): (50.6111519196,148:11:03.8)
2014-03-27 18:56:34,513 - DEBUG: Move to telescope to (alt, az): (50.6683376784,148:22:52.6)
2014-03-27 18:57:07,803 - DEBUG: Move to telescope to (alt, az): (50.7252058334,148:34:43.0)
2014-03-27 18:57:41,094 - DEBUG: Move to telescope to (alt, az): (50.7834605169,148:46:56.7)
2014-03-27 18:58:14,384 - DEBUG: Move to telescope to (alt, az): (50.8396798039,148:58:50.6)
2014-03-27 18:58:47,674 - DEBUG: Move to telescope to (alt, az): (50.895574657,149:10:46.1)
2014-03-27 18:59:20,969 - DEBUG: Move to telescope to (alt, az): (50.9511484912,149:22:43.3)
2014-03-27 18:59:54,259 - DEBUG: Move to telescope to (alt, az): (51.0080644575,149:35:04.0)
2014-03-27 19:00:27,549 - DEBUG: Move to telescope to (alt, az): (51.0629757634,149:47:04.6)
2014-03-27 19:01:00,840 - DEBUG: Move to telescope to (alt, az): (51.1175592201,149:59:06.9)
2014-03-27 19:01:34,130 - DEBUG: Move to telescope to (alt, az): (51.1734506581,150:11:32.8)
2014-03-27 19:02:07,422 - DEBUG: Move to telescope to (alt, az): (51.2273647563,150:23:38.4)
2014-03-27 19:02:40,710 - DEBUG: Move to telescope to (alt, az): (51.2809475903,150:35:45.7)
2014-03-27 19:03:14,001 - DEBUG: Move to telescope to (alt, az): (51.3341957451,150:47:54.7)
2014-03-27 19:03:47,291 - DEBUG: Move to telescope to (alt, az): (51.3887040698,151:00:27.5)
2014-03-27 19:04:20,581 - DEBUG: Move to telescope to (alt, az): (51.4412726207,151:12:39.8)
2014-03-27 19:04:53,872 - DEBUG: Move to telescope to (alt, az): (51.4934996622,151:24:53.8)
2014-03-27 19:05:27,162 - DEBUG: Move to telescope to (alt, az): (51.5469561377,151:37:31.7)
2014-03-27 19:06:00,452 - DEBUG: Move to telescope to (alt, az): (51.5984933301,151:49:49.0)
2014-03-27 19:06:33,746 - DEBUG: Move to telescope to (alt, az): (51.6496890131,152:02:08.0)
2014-03-27 19:07:07,041 - DEBUG: Move to telescope to (alt, az): (51.7020799791,152:14:51.0)
2014-03-27 19:07:40,336 - DEBUG: Move to telescope to (alt, az): (51.7525755676,152:27:13.2)
2014-03-27 19:08:13,625 - DEBUG: Move to telescope to (alt, az): (51.8027262316,152:39:37.1)
2014-03-27 19:08:46,916 - DEBUG: Move to telescope to (alt, az): (51.8525285559,152:52:02.6)
2014-03-27 19:09:20,206 - DEBUG: Move to telescope to (alt, az): (51.903474937,153:04:52.3)
2014-03-27 19:09:53,496 - DEBUG: Move to telescope to (alt, az): (51.9525669216,153:17:21.1)
2014-03-27 19:10:26,887 - DEBUG: Move to telescope to (alt, az): (52.0013071515,153:29:51.4)
2014-03-27 19:11:00,177 - DEBUG: Move to telescope to (alt, az): (52.0511538721,153:42:46.2)
2014-03-27 19:11:33,467 - DEBUG: Move to telescope to (alt, az): (52.0991769321,153:55:19.8)
2014-03-27 19:12:06,757 - DEBUG: Move to telescope to (alt, az): (52.1468414073,154:07:55.0)
2014-03-27 19:12:40,048 - DEBUG: Move to telescope to (alt, az): (52.195574807,154:20:54.7)
2014-03-27 19:13:13,338 - DEBUG: Move to telescope to (alt, az): (52.242511867,154:33:33.0)
2014-03-27 19:13:46,632 - DEBUG: Move to telescope to (alt, az): (52.289090342,154:46:13.0)
2014-03-27 19:14:19,923 - DEBUG: Move to telescope to (alt, az): (52.3353034019,154:58:54.5)
2014-03-27 19:14:53,213 - DEBUG: Move to telescope to (alt, az): (52.3825409902,155:12:00.7)
2014-03-27 19:15:26,503 - DEBUG: Move to telescope to (alt, az): (52.4280163897,155:24:45.3)
2014-03-27 19:15:59,793 - DEBUG: Move to telescope to (alt, az): (52.4731263741,155:37:31.5)
2014-03-27 19:16:33,084 - DEBUG: Move to telescope to (alt, az): (52.5192164906,155:50:42.5)
2014-03-27 19:17:06,374 - DEBUG: Move to telescope to (alt, az): (52.5635785693,156:03:31.9)
2014-03-27 19:17:39,664 - DEBUG: Move to telescope to (alt, az): (52.6075718177,156:16:22.7)
2014-03-27 19:18:12,954 - DEBUG: Move to telescope to (alt, az): (52.6511928209,156:29:15.0)
2014-03-27 19:18:46,245 - DEBUG: Move to telescope to (alt, az): (52.6957461448,156:42:32.3)
2014-03-27 19:19:19,535 - DEBUG: Move to telescope to (alt, az): (52.738608997,156:55:27.7)
2014-03-27 19:19:52,825 - DEBUG: Move to telescope to (alt, az): (52.7810961887,157:08:24.6)
2014-03-27 19:20:26,116 - DEBUG: Move to telescope to (alt, az): (52.8244747201,157:21:46.6)
2014-03-27 19:20:59,406 - DEBUG: Move to telescope to (alt, az): (52.8661969307,157:34:46.4)
2014-03-27 19:21:32,700 - DEBUG: Move to telescope to (alt, az): (52.9075366506,157:47:47.8)
2014-03-27 19:22:05,990 - DEBUG: Move to telescope to (alt, az): (52.9484972951,158:00:50.6)
2014-03-27 19:22:39,281 - DEBUG: Move to telescope to (alt, az): (52.9902980528,158:14:18.6)
2014-03-27 19:23:12,571 - DEBUG: Move to telescope to (alt, az): (53.0304834708,158:27:24.4)
2014-03-27 19:23:45,861 - DEBUG: Move to telescope to (alt, az): (53.070279568,158:40:31.5)
2014-03-27 19:24:19,152 - DEBUG: Move to telescope to (alt, az): (53.1108816275,158:54:04.0)
2014-03-27 19:24:52,442 - DEBUG: Move to telescope to (alt, az): (53.149895668,159:07:14.0)
2014-03-27 19:25:25,732 - DEBUG: Move to telescope to (alt, az): (53.1885203878,159:20:25.5)
2014-03-27 19:25:59,022 - DEBUG: Move to telescope to (alt, az): (53.2279066736,159:34:02.4)
2014-03-27 19:26:32,313 - DEBUG: Move to telescope to (alt, az): (53.2657390914,159:47:16.7)
2014-03-27 19:27:05,603 - DEBUG: Move to telescope to (alt, az): (53.3031787734,160:00:32.3)
2014-03-27 19:27:38,893 - DEBUG: Move to telescope to (alt, az): (53.3402257194,160:13:49.3)
2014-03-27 19:28:12,184 - DEBUG: Move to telescope to (alt, az): (53.3779830052,160:27:31.9)
2014-03-27 19:28:45,478 - DEBUG: Move to telescope to (alt, az): (53.4142239889,160:40:51.6)
2014-03-27 19:29:18,768 - DEBUG: Move to telescope to (alt, az): (53.4500722368,160:54:12.6)
2014-03-27 19:29:52,059 - DEBUG: Move to telescope to (alt, az): (53.4865864281,161:07:59.3)
2014-03-27 19:30:25,349 - DEBUG: Move to telescope to (alt, az): (53.5216218834,161:21:23.0)
2014-03-27 19:30:58,639 - DEBUG: Move to telescope to (alt, az): (53.5562577727,161:34:48.1)
2014-03-27 19:31:31,929 - DEBUG: Move to telescope to (alt, az): (53.5904906808,161:48:14.4)
2014-03-27 19:32:05,220 - DEBUG: Move to telescope to (alt, az): (53.625341721,162:02:06.5)
2014-03-27 19:32:38,510 - DEBUG: Move to telescope to (alt, az): (53.6587550065,162:15:35.3)
2014-03-27 19:33:11,800 - DEBUG: Move to telescope to (alt, az): (53.6917618956,162:29:05.5)
2014-03-27 19:33:45,091 - DEBUG: Move to telescope to (alt, az): (53.7253425207,162:43:01.5)
2014-03-27 19:34:18,381 - DEBUG: Move to telescope to (alt, az): (53.7575263721,162:56:34.2)
2014-03-27 19:34:51,671 - DEBUG: Move to telescope to (alt, az): (53.789296997,163:10:08.0)
2014-03-27 19:35:24,961 - DEBUG: Move to telescope to (alt, az): (53.8206578106,163:23:43.1)
2014-03-27 19:35:58,256 - DEBUG: Move to telescope to (alt, az): (53.8525411336,163:37:44.1)
2014-03-27 19:36:31,546 - DEBUG: Move to telescope to (alt, az): (53.8830686641,163:51:21.6)
2014-03-27 19:37:04,836 - DEBUG: Move to telescope to (alt, az): (53.9131795531,164:05:00.2)
2014-03-27 19:37:38,127 - DEBUG: Move to telescope to (alt, az): (53.9437719703,164:19:04.8)
2014-03-27 19:38:11,417 - DEBUG: Move to telescope to (alt, az): (53.973042746,164:32:45.8)
2014-03-27 19:38:28,234 - DEBUG: Exiting
